
Root grid = 2 x 2 x 2 MeshBlocks
Total number of MeshBlocks = 8
Number of logical  levels of refinement = 1 (2 levels total)
Number of physical levels of refinement = 0 (1 levels total)
Number of parallel ranks = 4
  Rank = 0: 2 MeshBlocks, cost = 2
  Rank = 1: 2 MeshBlocks, cost = 2
  Rank = 2: 2 MeshBlocks, cost = 2
  Rank = 3: 2 MeshBlocks, cost = 2
Load Balancing:
  Maximum normalized cost = 1, Average = 1
AssembleZ4cTasks
AssembleZ4cTasks
AssembleZ4cTasks
AssembleZ4cTasks

Setup complete, executing task list(s)...

elapsed=1.132850e+00 cycle=0 time=0.000000e+00 dt=1.250000e-01
elapsed=9.831542e+00 cycle=100 time=1.250000e+01 dt=1.250000e-01
elapsed=1.816950e+01 cycle=200 time=2.500000e+01 dt=1.250000e-01
elapsed=2.676953e+01 cycle=300 time=3.750000e+01 dt=1.250000e-01
elapsed=3.507547e+01 cycle=400 time=5.000000e+01 dt=1.250000e-01

Terminating on time limit
time=6.000000e+01 cycle=480
tlim=6.000000e+01 nlim=-1

MeshBlock-cycles = 3840
cpu time used  = 4.073382e+01
zone-cycles/cpu_second = 5.197777e+07
particle-updates/cpu_second = 0.000000e+00
