
Root grid = 2 x 2 x 2 MeshBlocks
Total number of MeshBlocks = 8
Number of logical  levels of refinement = 1 (2 levels total)
Number of physical levels of refinement = 0 (1 levels total)
Number of parallel ranks = 4
  Rank = 0: 2 MeshBlocks, cost = 2
  Rank = 1: 2 MeshBlocks, cost = 2
  Rank = 2: 2 MeshBlocks, cost = 2
  Rank = 3: 2 MeshBlocks, cost = 2
Load Balancing:
  Maximum normalized cost = 1, Average = 1
AssembleZ4cTasks
AssembleZ4cTasks
AssembleZ4cTasks
AssembleZ4cTasks

Setup complete, executing task list(s)...

elapsed=8.297933e-01 cycle=0 time=0.000000e+00 dt=1.553030e-01
elapsed=3.824726e+00 cycle=100 time=1.553030e+01 dt=1.553030e-01
elapsed=6.747157e+00 cycle=200 time=3.106061e+01 dt=1.553030e-01
elapsed=9.674882e+00 cycle=300 time=4.659091e+01 dt=1.553030e-01
elapsed=1.259195e+01 cycle=400 time=6.212121e+01 dt=1.553030e-01
elapsed=1.550882e+01 cycle=500 time=7.765152e+01 dt=1.553030e-01

Terminating on time limit
time=8.000000e+01 cycle=516
tlim=8.000000e+01 nlim=-1

MeshBlock-cycles = 4128
cpu time used  = 1.514570e+01
zone-cycles/cpu_second = 7.835777e+07
particle-updates/cpu_second = 0.000000e+00
