
Root grid = 2 x 2 x 2 MeshBlocks
Total number of MeshBlocks = 8
Number of logical  levels of refinement = 1 (2 levels total)
Number of physical levels of refinement = 0 (1 levels total)
Number of parallel ranks = 8
  Rank = 0: 1 MeshBlocks, cost = 1
  Rank = 1: 1 MeshBlocks, cost = 1
  Rank = 2: 1 MeshBlocks, cost = 1
  Rank = 3: 1 MeshBlocks, cost = 1
  Rank = 4: 1 MeshBlocks, cost = 1
  Rank = 5: 1 MeshBlocks, cost = 1
  Rank = 6: 1 MeshBlocks, cost = 1
  Rank = 7: 1 MeshBlocks, cost = 1
Load Balancing:
  Maximum normalized cost = 1, Average = 1
AssembleZ4cTasks
AssembleZ4cTasks
AssembleZ4cTasks
AssembleZ4cTasks
AssembleZ4cTasks
AssembleZ4cTasks
AssembleZ4cTasks
AssembleZ4cTasks

Setup complete, executing task list(s)...

elapsed=1.925959e+00 cycle=0 time=0.000000e+00 dt=3.125000e-02
elapsed=2.025601e+02 cycle=100 time=3.125000e+00 dt=3.125000e-02
