
Root grid = 2 x 2 x 2 MeshBlocks
Total number of MeshBlocks = 8
Number of logical  levels of refinement = 1 (2 levels total)
Number of physical levels of refinement = 0 (1 levels total)
Number of parallel ranks = 4
  Rank = 0: 2 MeshBlocks, cost = 2
  Rank = 1: 2 MeshBlocks, cost = 2
  Rank = 2: 2 MeshBlocks, cost = 2
  Rank = 3: 2 MeshBlocks, cost = 2
Load Balancing:
  Maximum normalized cost = 1, Average = 1
AssembleZ4cTasks
AssembleZ4cTasks
AssembleZ4cTasks
AssembleZ4cTasks

Setup complete, executing task list(s)...

elapsed=1.135994e+00 cycle=0 time=0.000000e+00 dt=1.250000e-01
elapsed=5.475595e+01 cycle=100 time=1.250000e+01 dt=1.250000e-01
elapsed=1.083894e+02 cycle=200 time=2.500000e+01 dt=1.250000e-01
elapsed=1.620770e+02 cycle=300 time=3.750000e+01 dt=1.250000e-01
elapsed=2.156347e+02 cycle=400 time=5.000000e+01 dt=1.250000e-01
elapsed=2.691708e+02 cycle=500 time=6.250000e+01 dt=1.250000e-01
elapsed=3.224581e+02 cycle=600 time=7.500000e+01 dt=1.250000e-01

Terminating on time limit
time=8.000000e+01 cycle=640
tlim=8.000000e+01 nlim=-1

MeshBlock-cycles = 5120
cpu time used  = 3.426332e+02
zone-cycles/cpu_second = 1.344716e+08
particle-updates/cpu_second = 0.000000e+00
