
Root grid = 2 x 2 x 2 MeshBlocks
Total number of MeshBlocks = 8
Number of logical  levels of refinement = 1 (2 levels total)
Number of physical levels of refinement = 0 (1 levels total)
Number of parallel ranks = 4
  Rank = 0: 2 MeshBlocks, cost = 2
  Rank = 1: 2 MeshBlocks, cost = 2
  Rank = 2: 2 MeshBlocks, cost = 2
  Rank = 3: 2 MeshBlocks, cost = 2
Load Balancing:
  Maximum normalized cost = 1, Average = 1
AssembleZ4cTasks
AssembleZ4cTasks
AssembleZ4cTasks
AssembleZ4cTasks

Setup complete, executing task list(s)...

elapsed=7.825572e-01 cycle=0 time=0.000000e+00 dt=1.250000e-01
elapsed=2.324902e+00 cycle=100 time=1.250000e+01 dt=1.250000e-01

Terminating on time limit
time=1.500000e+01 cycle=120
tlim=1.500000e+01 nlim=-1

MeshBlock-cycles = 960
cpu time used  = 1.852677e+00
zone-cycles/cpu_second = 7.163171e+06
particle-updates/cpu_second = 0.000000e+00
