
Root grid = 2 x 2 x 2 MeshBlocks
Total number of MeshBlocks = 8
Number of logical  levels of refinement = 1 (2 levels total)
Number of physical levels of refinement = 0 (1 levels total)
Number of parallel ranks = 8
  Rank = 0: 1 MeshBlocks, cost = 1
  Rank = 1: 1 MeshBlocks, cost = 1
  Rank = 2: 1 MeshBlocks, cost = 1
  Rank = 3: 1 MeshBlocks, cost = 1
  Rank = 4: 1 MeshBlocks, cost = 1
  Rank = 5: 1 MeshBlocks, cost = 1
  Rank = 6: 1 MeshBlocks, cost = 1
  Rank = 7: 1 MeshBlocks, cost = 1
Load Balancing:
  Maximum normalized cost = 1, Average = 1
AssembleZ4cTasks
AssembleZ4cTasks
AssembleZ4cTasks
AssembleZ4cTasks
AssembleZ4cTasks
AssembleZ4cTasks
AssembleZ4cTasks
AssembleZ4cTasks

Setup complete, executing task list(s)...

elapsed=1.042108e+00 cycle=0 time=0.000000e+00 dt=6.250000e-02
elapsed=2.715934e+01 cycle=100 time=6.250000e+00 dt=6.250000e-02
elapsed=5.346248e+01 cycle=200 time=1.250000e+01 dt=6.250000e-02
elapsed=7.937753e+01 cycle=300 time=1.875000e+01 dt=6.250000e-02
elapsed=1.052308e+02 cycle=400 time=2.500000e+01 dt=6.250000e-02
elapsed=1.318819e+02 cycle=500 time=3.125000e+01 dt=6.250000e-02
elapsed=1.580996e+02 cycle=600 time=3.750000e+01 dt=6.250000e-02
elapsed=1.837915e+02 cycle=700 time=4.375000e+01 dt=6.250000e-02
elapsed=2.091587e+02 cycle=800 time=5.000000e+01 dt=6.250000e-02
elapsed=2.344851e+02 cycle=900 time=5.625000e+01 dt=6.250000e-02
elapsed=2.600197e+02 cycle=1000 time=6.250000e+01 dt=6.250000e-02
elapsed=2.869775e+02 cycle=1100 time=6.875000e+01 dt=6.250000e-02
elapsed=3.128362e+02 cycle=1200 time=7.500000e+01 dt=6.250000e-02

Terminating on time limit
time=8.000000e+01 cycle=1280
tlim=8.000000e+01 nlim=-1

MeshBlock-cycles = 10240
cpu time used  = 3.328091e+02
zone-cycles/cpu_second = 1.357176e+08
particle-updates/cpu_second = 0.000000e+00
