
Root grid = 2 x 2 x 2 MeshBlocks
Total number of MeshBlocks = 8
Number of logical  levels of refinement = 1 (2 levels total)
Number of physical levels of refinement = 0 (1 levels total)
Number of parallel ranks = 8
  Rank = 0: 1 MeshBlocks, cost = 1
  Rank = 1: 1 MeshBlocks, cost = 1
  Rank = 2: 1 MeshBlocks, cost = 1
  Rank = 3: 1 MeshBlocks, cost = 1
  Rank = 4: 1 MeshBlocks, cost = 1
  Rank = 5: 1 MeshBlocks, cost = 1
  Rank = 6: 1 MeshBlocks, cost = 1
  Rank = 7: 1 MeshBlocks, cost = 1
Load Balancing:
  Maximum normalized cost = 1, Average = 1
AssembleZ4cTasks
AssembleZ4cTasks
AssembleZ4cTasks
AssembleZ4cTasks
AssembleZ4cTasks
AssembleZ4cTasks
AssembleZ4cTasks
AssembleZ4cTasks

Setup complete, executing task list(s)...

elapsed=2.065779e+00 cycle=0 time=0.000000e+00 dt=3.125000e-02
elapsed=2.011169e+02 cycle=100 time=3.125000e+00 dt=3.125000e-02
elapsed=4.006499e+02 cycle=200 time=6.250000e+00 dt=3.125000e-02
elapsed=5.974041e+02 cycle=300 time=9.375000e+00 dt=3.125000e-02
elapsed=7.928423e+02 cycle=400 time=1.250000e+01 dt=3.125000e-02
elapsed=9.881178e+02 cycle=500 time=1.562500e+01 dt=3.125000e-02
elapsed=1.184201e+03 cycle=600 time=1.875000e+01 dt=3.125000e-02
elapsed=1.382499e+03 cycle=700 time=2.187500e+01 dt=3.125000e-02
elapsed=1.578602e+03 cycle=800 time=2.500000e+01 dt=3.125000e-02
elapsed=1.773967e+03 cycle=900 time=2.812500e+01 dt=3.125000e-02
elapsed=1.966789e+03 cycle=1000 time=3.125000e+01 dt=3.125000e-02
elapsed=2.162035e+03 cycle=1100 time=3.437500e+01 dt=3.125000e-02
elapsed=2.354784e+03 cycle=1200 time=3.750000e+01 dt=3.125000e-02
elapsed=2.547375e+03 cycle=1300 time=4.062500e+01 dt=3.125000e-02
elapsed=2.743516e+03 cycle=1400 time=4.375000e+01 dt=3.125000e-02
elapsed=2.942374e+03 cycle=1500 time=4.687500e+01 dt=3.125000e-02
elapsed=3.136239e+03 cycle=1600 time=5.000000e+01 dt=3.125000e-02
elapsed=3.331873e+03 cycle=1700 time=5.312500e+01 dt=3.125000e-02
elapsed=3.527515e+03 cycle=1800 time=5.625000e+01 dt=3.125000e-02
elapsed=3.724968e+03 cycle=1900 time=5.937500e+01 dt=3.125000e-02
elapsed=3.919680e+03 cycle=2000 time=6.250000e+01 dt=3.125000e-02
elapsed=4.113811e+03 cycle=2100 time=6.562500e+01 dt=3.125000e-02
elapsed=4.310285e+03 cycle=2200 time=6.875000e+01 dt=3.125000e-02
elapsed=4.503464e+03 cycle=2300 time=7.187500e+01 dt=3.125000e-02
