
Root grid = 2 x 2 x 2 MeshBlocks
Total number of MeshBlocks = 8
Number of logical  levels of refinement = 1 (2 levels total)
Number of physical levels of refinement = 0 (1 levels total)
Number of parallel ranks = 4
  Rank = 0: 2 MeshBlocks, cost = 2
  Rank = 1: 2 MeshBlocks, cost = 2
  Rank = 2: 2 MeshBlocks, cost = 2
  Rank = 3: 2 MeshBlocks, cost = 2
Load Balancing:
  Maximum normalized cost = 1, Average = 1
AssembleZ4cTasks
AssembleZ4cTasks
AssembleZ4cTasks
AssembleZ4cTasks

Setup complete, executing task list(s)...

elapsed=9.565917e-01 cycle=0 time=0.000000e+00 dt=1.250000e-01
elapsed=8.652061e+00 cycle=100 time=1.250000e+01 dt=1.250000e-01
elapsed=1.633328e+01 cycle=200 time=2.500000e+01 dt=1.250000e-01
elapsed=2.408112e+01 cycle=300 time=3.750000e+01 dt=1.250000e-01
elapsed=3.176691e+01 cycle=400 time=5.000000e+01 dt=1.250000e-01
elapsed=3.954494e+01 cycle=500 time=6.250000e+01 dt=1.250000e-01
elapsed=4.726037e+01 cycle=600 time=7.500000e+01 dt=1.250000e-01
elapsed=5.507289e+01 cycle=700 time=8.750000e+01 dt=1.250000e-01
elapsed=6.278834e+01 cycle=800 time=1.000000e+02 dt=1.250000e-01
elapsed=7.049868e+01 cycle=900 time=1.125000e+02 dt=1.250000e-01
elapsed=7.829254e+01 cycle=1000 time=1.250000e+02 dt=1.250000e-01
elapsed=8.608380e+01 cycle=1100 time=1.375000e+02 dt=1.250000e-01
elapsed=9.382576e+01 cycle=1200 time=1.500000e+02 dt=1.250000e-01
elapsed=1.015027e+02 cycle=1300 time=1.625000e+02 dt=1.250000e-01
elapsed=1.092655e+02 cycle=1400 time=1.750000e+02 dt=1.250000e-01

Terminating on time limit
time=1.800000e+02 cycle=1440
tlim=1.800000e+02 nlim=-1

MeshBlock-cycles = 11520
cpu time used  = 1.113879e+02
zone-cycles/cpu_second = 5.702377e+07
particle-updates/cpu_second = 0.000000e+00
