
Root grid = 2 x 2 x 2 MeshBlocks
Total number of MeshBlocks = 8
Number of logical  levels of refinement = 1 (2 levels total)
Number of physical levels of refinement = 0 (1 levels total)
Number of parallel ranks = 4
  Rank = 0: 2 MeshBlocks, cost = 2
  Rank = 1: 2 MeshBlocks, cost = 2
  Rank = 2: 2 MeshBlocks, cost = 2
  Rank = 3: 2 MeshBlocks, cost = 2
Load Balancing:
  Maximum normalized cost = 1, Average = 1
AssembleZ4cTasks
AssembleZ4cTasks
AssembleZ4cTasks
AssembleZ4cTasks
ccm5-diag t=0.000000e+00 hTT=-1.848933903e-33 dthTT=0.000000000e+00 hrr=2.928999702e-17 tr=5.857999403e-17 drtr=1.768940326e-17 hrth=3.644342207e-31 dthrth=0.000000000e+00 jr=-7.395735611e-32 qr=4.596936747e-14 ur=3.514799642e-15 wr=-6.197061395e-15 hr=0.000000000e+00 beta=-8.844701631e-17 psi0=-5.510717818e-13

Setup complete, executing task list(s)...

elapsed=2.300446e+00 cycle=0 time=0.000000e+00 dt=1.250000e-01
ccm5-diag t=3.000000e+00 hTT=-2.209886949e-13 dthTT=-2.524284222e-13 hrr=2.493621495e-16 tr=7.061512747e-16 drtr=-9.070401477e-17 hrth=3.502765207e-14 dthrth=7.189680961e-14 jr=-8.839547796e-12 qr=2.595468869e-12 ur=4.236907648e-14 wr=4.376247039e-14 hr=-1.009713689e-11 beta=6.465145273e-16 psi0=-2.591527417e-13
ccm5-diag t=6.125000e+00 hTT=-2.016741206e-12 dthTT=-9.364574202e-13 hrr=4.057676394e-16 tr=1.341043962e-15 drtr=5.833305666e-16 hrth=1.411388006e-12 dthrth=1.227348740e-12 jr=-8.066964822e-11 qr=4.634024158e-11 ur=8.046263773e-14 wr=-2.211591975e-13 hr=-3.745829681e-11 beta=5.838333620e-15 psi0=1.515174459e-14
ccm5-diag t=9.250000e+00 hTT=-6.097639210e-12 dthTT=-1.686832766e-12 hrr=-1.265128308e-15 tr=1.041073451e-14 drtr=3.563121855e-15 hrth=9.795786087e-12 dthrth=5.088955507e-12 jr=-2.439055684e-10 qr=1.833469985e-10 ur=6.246440706e-13 wr=-1.463202591e-12 hr=-6.747331065e-11 beta=4.179042988e-14 psi0=3.547044571e-14
ccm5-diag t=1.237500e+01 hTT=-1.243241440e-11 dthTT=-2.355006776e-12 hrr=-1.056762340e-14 tr=5.399567386e-14 drtr=1.134686179e-14 hrth=3.522392476e-11 dthrth=1.269674070e-11 jr=-4.972965758e-10 qr=4.326700623e-10 ur=3.239740432e-12 wr=-4.855773419e-12 hr=-9.420027106e-11 beta=1.540238557e-13 psi0=9.527447910e-14
elapsed=1.197276e+01 cycle=100 time=1.250000e+01 dt=1.250000e-01
ccm5-diag t=1.550000e+01 hTT=-2.068877824e-11 dthTT=-2.926540945e-12 hrr=-4.471380450e-14 tr=1.853254006e-13 drtr=2.735618039e-14 hrth=9.004517445e-11 dthrth=2.448524573e-11 jr=-8.275511295e-10 qr=7.860486629e-10 ur=1.111952403e-11 wr=-1.228388629e-11 hr=-1.170616378e-10 beta=3.916573122e-13 psi0=-6.332545704e-13
ccm5-diag t=1.862500e+01 hTT=-3.163200186e-11 dthTT=-4.694616612e-12 hrr=-1.370055667e-13 tr=4.880602795e-13 drtr=5.091847296e-14 hrth=1.867311811e-10 dthrth=4.047117404e-11 jr=-1.265280074e-09 qr=1.210141370e-09 ur=2.928361677e-11 wr=-2.447755618e-11 hr=-1.877846645e-10 beta=8.172185908e-13 psi0=-1.368006898e-11
ccm5-diag t=2.175000e+01 hTT=-6.900043570e-11 dthTT=-2.869935023e-11 hrr=-3.427233224e-13 tr=1.066087012e-12 drtr=7.057536537e-14 hrth=3.467242150e-10 dthrth=7.032675213e-11 jr=-2.760017428e-09 qr=2.006243538e-09 ur=6.396522073e-11 wr=-3.851184582e-11 hr=-1.147974009e-09 beta=1.595207810e-12 psi0=-1.542306015e-10
ccm5-diag t=2.487500e+01 hTT=-4.263739508e-10 dthTT=-2.903156295e-10 hrr=-7.534096501e-13 tr=2.110895036e-12 drtr=1.283481912e-13 hrth=7.449665886e-10 dthrth=2.680465077e-10 jr=-1.705495803e-08 qr=8.921649903e-09 ur=1.266537022e-10 wr=-7.394156598e-11 hr=-1.161262518e-08 beta=3.562085931e-12 psi0=-1.175772152e-09
elapsed=2.157015e+01 cycle=200 time=2.500000e+01 dt=1.250000e-01
ccm5-diag t=2.800000e+01 hTT=-3.521441633e-09 dthTT=-2.287877843e-09 hrr=-1.674219138e-12 tr=5.171413315e-12 drtr=8.537849629e-13 hrth=3.212454412e-09 dthrth=2.029837370e-09 jr=-1.408576653e-07 qr=7.391550026e-08 ur=3.102847989e-10 wr=-3.917405593e-10 hr=-9.151511373e-08 beta=1.474393381e-11 psi0=-6.432950066e-09
ccm5-diag t=3.112500e+01 hTT=-2.371811485e-08 dthTT=-1.353437244e-08 hrr=-5.572308854e-12 tr=2.414194594e-11 drtr=7.181148951e-12 hrth=2.184173034e-08 dthrth=1.456407387e-08 jr=-9.487245941e-07 qr=5.357210379e-07 ur=1.448516757e-09 wr=-3.039628846e-09 hr=-5.413748977e-07 beta=9.619424939e-11 psi0=-2.642685112e-08
ccm5-diag t=3.425000e+01 hTT=-1.253054312e-07 dthTT=-6.218383048e-08 hrr=-3.040532897e-11 tr=1.533863481e-10 drtr=4.734298095e-11 hrth=1.383900778e-07 dthrth=8.347578483e-08 jr=-5.012217249e-06 qr=3.046687495e-06 ur=9.203180888e-09 wr=-1.984935225e-08 hr=-2.487353219e-06 beta=6.014484560e-10 psi0=-8.442017967e-08
ccm5-diag t=3.737500e+01 hTT=-5.320716019e-07 dthTT=-2.292150072e-07 hrr=-1.806205593e-10 tr=8.946834754e-10 drtr=2.462894326e-10 hrth=7.236875112e-07 dthrth=3.848579052e-07 jr=-2.128286407e-05 qr=1.386802932e-05 ur=5.368100852e-08 wr=-1.039343898e-07 hr=-9.168600288e-06 beta=3.134609207e-09 psi0=-2.155400048e-07
elapsed=3.116914e+01 cycle=300 time=3.750000e+01 dt=1.250000e-01
ccm5-diag t=4.050000e+01 hTT=-1.865289262e-06 dthTT=-6.965599114e-07 hrr=-9.443544947e-10 tr=4.392104152e-09 drtr=1.043231519e-09 hrth=3.130410577e-06 dthrth=1.462627190e-06 jr=-7.461157049e-05 qr=5.188113778e-05 ur=2.635262491e-07 wr=-4.456232425e-07 hr=-2.786239646e-05 beta=1.356380687e-08 psi0=-4.489357223e-07
ccm5-diag t=4.362500e+01 hTT=-5.526801192e-06 dthTT=-1.785040435e-06 hrr=-4.203036127e-09 tr=1.819186989e-08 drtr=3.685872113e-09 hrth=1.142162763e-05 dthrth=4.688596803e-06 jr=-2.210720477e-04 qr=1.632165945e-04 ur=1.091512194e-06 wr=-1.600439929e-06 hr=-7.140161740e-05 beta=4.963106934e-08 psi0=-7.727965571e-07
ccm5-diag t=4.675000e+01 hTT=-1.411851456e-05 dthTT=-3.930143207e-06 hrr=-1.606745823e-08 tr=6.461366795e-08 drtr=1.106409123e-08 hrth=3.584266056e-05 dthrth=1.292999578e-05 jr=-5.647405825e-04 qr=4.401024886e-04 ur=3.876820077e-06 wr=-4.907660239e-06 hr=-1.572057283e-04 beta=1.566025993e-07 psi0=-1.102663436e-06
ccm5-diag t=4.987500e+01 hTT=-3.162072556e-05 dthTT=-7.546774815e-06 hrr=-5.356088770e-08 tr=2.000372609e-07 drtr=2.860090398e-08 hrth=9.841521954e-05 dthrth=3.119091695e-05 jr=-1.264829022e-03 qr=1.033035425e-03 ur=1.200223565e-05 wr=-1.304718822e-05 hr=-3.018709926e-04 beta=4.336957227e-07 psi0=-1.284281574e-06
elapsed=4.072445e+01 cycle=400 time=5.000000e+01 dt=1.250000e-01
ccm5-diag t=5.300000e+01 hTT=-6.296592890e-05 dthTT=-1.278435862e-05 hrr=-1.579347590e-07 tr=5.476057506e-07 drtr=6.422229884e-08 hrth=2.399355848e-04 dthrth=6.673632222e-05 jr=-2.518637156e-03 qr=2.136635997e-03 ur=3.285634503e-05 wr=-3.042696231e-05 hr=-5.113743448e-04 beta=1.070551502e-06 psi0=-1.146091899e-06
ccm5-diag t=5.612500e+01 hTT=-1.127684788e-04 dthTT=-1.925069903e-05 hrr=-4.170824061e-07 tr=1.341871298e-06 drtr=1.256290396e-07 hrth=5.259204052e-04 dthrth=1.281002179e-04 jr=-4.510739153e-03 qr=3.928269472e-03 ur=8.051227787e-05 wr=-6.276408801e-05 hr=-7.700279613e-04 beta=2.386852821e-06 psi0=-5.820228717e-07
ccm5-diag t=5.925000e+01 hTT=-1.833140813e-04 dthTT=-2.583807102e-05 hrr=-9.969614466e-07 tr=2.974150562e-06 drtr=2.129443693e-07 hrth=1.047413712e-03 dthrth=2.226092733e-04 jr=-7.332563251e-03 qr=6.451645315e-03 ur=1.784490337e-04 wr=-1.150865911e-04 hr=-1.033522841e-03 beta=4.860604671e-06 psi0=3.793160425e-07
ccm5-diag t=6.237500e+01 hTT=-2.723383817e-04 dthTT=-3.077832127e-05 hrr=-2.176637689e-06 tr=6.016042149e-06 drtr=3.063126126e-07 hrth=1.912193153e-03 dthrth=3.526538916e-04 jr=-1.089353527e-02 qr=9.465689006e-03 ur=3.609625290e-04 wr=-1.878241757e-04 hr=-1.231132851e-03 beta=9.123479450e-06 psi0=1.558011426e-06
elapsed=5.020812e+01 cycle=500 time=6.250000e+01 dt=1.250000e-01
ccm5-diag t=6.550000e+01 hTT=-3.714218167e-04 dthTT=-3.198165502e-05 hrr=-4.374688583e-06 tr=1.119310729e-05 drtr=3.515081357e-07 hrth=3.223730091e-03 dthrth=5.117175086e-04 jr=-1.485687267e-02 qr=1.231271603e-02 ur=6.715864374e-04 wr=-2.718439118e-04 hr=-1.279266201e-03 beta=1.589796183e-05 psi0=2.668967842e-06
ccm5-diag t=6.862500e+01 hTT=-4.658328886e-04 dthTT=-2.760522412e-05 hrr=-8.149422195e-06 tr=1.928882754e-05 drtr=2.506928166e-07 hrth=5.049328393e-03 dthrth=6.817639978e-04 jr=-1.863331555e-02 qr=1.388156714e-02 ur=1.157329652e-03 wr=-3.447597925e-04 hr=-1.104208965e-03 beta=2.585637938e-05 psi0=3.409898160e-06
ccm5-diag t=7.175000e+01 hTT=-5.363163516e-04 dthTT=-1.669571079e-05 hrr=-1.415584652e-05 tr=3.098198015e-05 drtr=-1.327735981e-07 hrth=7.384041190e-03 dthrth=8.336055653e-04 jr=-2.145265406e-02 qr=1.273236121e-02 ur=1.858918809e-03 wr=-3.715659563e-04 hr=-6.678284316e-04 beta=3.940241628e-05 psi0=3.554790765e-06
ccm5-diag t=7.487500e+01 hTT=-5.627331616e-04 dthTT=3.046042061e-07 hrr=-2.305131793e-05 tr=4.664993037e-05 drtr=-9.495301419e-07 hrth=1.012115865e-02 dthrth=9.311541901e-04 jr=-2.250932646e-02 qr=7.402815131e-03 ur=2.798995822e-03 wr=-3.117274813e-04 hr=1.218416825e-05 beta=5.641082150e-05 psi0=3.020022689e-06
elapsed=5.974229e+01 cycle=600 time=7.500000e+01 dt=1.250000e-01
ccm5-diag t=7.800000e+01 hTT=-5.288085537e-04 dthTT=2.138076451e-05 hrr=-3.535805781e-05 tr=6.619156808e-05 drtr=-2.320893391e-06 hrth=1.304111298e-02 dthrth=9.391647327e-04 jr=-2.115234215e-02 qr=-3.155399671e-03 ur=3.971494085e-03 wr=-1.323843780e-04 hr=8.552305803e-04 beta=7.599796259e-05 psi0=1.885500984e-06
ccm5-diag t=8.112500e+01 hTT=-4.267682428e-04 dthTT=4.319888398e-05 hrr=-5.130838992e-05 tr=8.892528414e-05 drtr=-4.287190018e-06 hrth=1.582739413e-02 dthrth=8.326849210e-04 jr=-1.707072971e-02 qr=-1.912852454e-02 ur=5.335517048e-03 wr=1.756243096e-04 hr=1.727955359e-03 beta=9.641440538e-05 psi0=3.703355307e-07
ccm5-diag t=8.425000e+01 hTT=-2.605287703e-04 dthTT=6.175852960e-05 hrr=-7.070977824e-05 tr=1.135975942e-04 drtr=-6.763766378e-06 hrth=1.811104899e-02 dthrth=6.055177126e-04 jr=-1.042115081e-02 qr=-3.952962213e-02 ur=6.815855653e-03 wr=5.842132040e-04 hr=2.470341184e-03 beta=1.151357443e-04 psi0=-1.224755608e-06
ccm5-diag t=8.737500e+01 hTT=-4.641894155e-05 dthTT=7.328249759e-05 hrr=-9.286603635e-05 tr=1.385045517e-04 drtr=-9.520879560e-06 hrth=1.953671290e-02 dthrth=2.749835134e-04 jr=-1.856757662e-03 qr=-6.215063601e-02 ur=8.310273102e-03 wr=1.022370734e-03 hr=2.931299904e-03 beta=1.291792754e-04 psi0=-2.589861794e-06
elapsed=6.924563e+01 cycle=700 time=8.750000e+01 dt=1.250000e-01
ccm5-diag t=9.050000e+01 hTT=1.889469769e-04 dthTT=7.510539091e-05 hrr=-1.165781338e-04 tr=1.616939608e-04 drtr=-1.219783068e-05 hrth=1.983583330e-02 dthrth=-1.188105302e-04 jr=7.557879077e-03 qr=-8.383307708e-02 ur=9.701637649e-03 wr=1.381788259e-03 hr=3.004215636e-03 beta=1.356068330e-04 psi0=-3.474257130e-06
ccm5-diag t=9.362500e+01 hTT=4.132557038e-04 dthTT=6.632197431e-05 hrr=-1.402275054e-04 tr=1.811943000e-04 drtr=-1.435190231e-05 hrth=1.888930987e-02 dthrth=-5.194515773e-04 jr=1.653022815e-02 qr=-1.010189002e-01 ur=1.087165800e-02 wr=1.533935761e-03 hr=2.652878972e-03 beta=1.321115344e-04 psi0=-3.735708922e-06
ccm5-diag t=9.675000e+01 hTT=5.945011737e-04 dthTT=4.802808658e-05 hrr=-1.619238834e-04 tr=1.952138262e-04 drtr=-1.553247347e-05 hrth=1.676334908e-02 dthrth=-8.650895812e-04 jr=2.378004695e-02 qr=-1.104587373e-01 ur=1.171282957e-02 wr=1.355272887e-03 hr=1.921123463e-03 beta=1.175506000e-04 psi0=-3.362005934e-06
ccm5-diag t=9.987500e+01 hTT=7.070216003e-04 dthTT=2.310212759e-05 hrr=-1.796853652e-04 tr=2.022703872e-04 drtr=-1.536368328e-05 hrth=1.370839323e-02 dthrth=-1.101142860e-03 jr=2.828086401e-02 qr=-1.099075107e-01 ur=1.213622323e-02 wr=7.549123557e-04 hr=9.240851035e-04 beta=9.229073439e-05 psi0=-2.463118265e-06
elapsed=7.891398e+01 cycle=800 time=1.000000e+02 dt=1.250000e-01
ccm5-diag t=1.030000e+02 hTT=7.362075520e-04 dthTT=-4.404709971e-06 hrr=-1.916152403e-04 tr=2.012414112e-04 drtr=-1.361731356e-05 hrth=1.011966505e-02 dthrth=-1.191863392e-03 jr=2.944830208e-02 qr=-9.864059871e-02 ur=1.207448467e-02 wr=-3.015317862e-04 hr=-1.761883988e-04 beta=5.827548788e-05 psi0=-1.238817383e-06
ccm5-diag t=1.061250e+02 hTT=6.808886436e-04 dthTT=-3.010976390e-05 hrr=-1.960487958e-04 tr=1.913529550e-04 drtr=-1.026108323e-05 hrth=6.466681230e-03 dthrth=-1.128175620e-03 jr=2.723554574e-02 qr=-7.767249094e-02 ur=1.148117730e-02 wr=-1.777030582e-03 hr=-1.204390556e-03 beta=1.879085550e-05 psi0=6.886317492e-08
ccm5-diag t=1.092500e+02 hTT=5.529882674e-04 dthTT=-5.016830486e-05 hrr=-1.916605129e-04 tr=1.721464639e-04 drtr=-5.474423082e-06 hrth=3.205746239e-03 dthrth=-9.302159457e-04 jr=2.211953070e-02 qr=-4.963570411e-02 ur=1.032878783e-02 wr=-3.560046154e-03 hr=-2.006732194e-03 beta=-2.202540681e-05 psi0=1.226878762e-06
ccm5-diag t=1.123750e+02 hTT=3.746747154e-04 dthTT=-6.197395179e-05 hrr=-1.775410267e-04 tr=1.434669797e-04 drtr=3.684919493e-07 hrth=6.925243064e-04 dthrth=-6.442682745e-04 jr=1.498698862e-02 qr=-1.835590444e-02 ur=8.608018785e-03 wr=-5.473627582e-03 hr=-2.478958072e-03 beta=-5.983281198e-05 psi0=2.055106653e-06
elapsed=8.840328e+01 cycle=900 time=1.125000e+02 dt=1.250000e-01
ccm5-diag t=1.155000e+02 hTT=1.737887407e-04 dthTT=-6.454032096e-05 hrr=-1.532660881e-04 tr=1.055073610e-04 drtr=6.742281684e-06 hrth=-8.888869852e-04 dthrth=-3.349001331e-04 jr=6.951549629e-03 qr=1.178257333e-02 ur=6.330441659e-03 wr=-7.294895318e-03 hr=-2.581612839e-03 beta=-9.077189424e-05 psi0=2.454346364e-06
ccm5-diag t=1.186250e+02 hTT=-2.131746634e-05 dthTT=-5.849100377e-05 hrr=-1.189804663e-04 tr=5.892294109e-05 drtr=1.303063441e-05 hrth=-1.567437059e-03 dthrth=-7.375833643e-05 jr=-8.526986534e-04 qr=3.656087677e-02 ur=3.535376465e-03 wr=-8.781667752e-03 hr=-2.339640151e-03 beta=-1.120601379e-04 psi0=2.413586318e-06
ccm5-diag t=1.217500e+02 hTT=-1.863164442e-04 dthTT=-4.568350162e-05 hrr=-7.550607819e-05 tr=5.003195693e-06 drtr=1.859329039e-05 hrth=-1.589011625e-03 dthrth=7.333026519e-05 jr=-7.452657767e-03 qr=5.262433416e-02 ur=3.001917416e-04 wr=-9.702498502e-03 hr=-1.827340065e-03 beta=-1.223996936e-04 psi0=1.996575994e-06
ccm5-diag t=1.248750e+02 hTT=-3.038512875e-04 dthTT=-2.859921141e-05 hrr=-2.445879699e-05 tr=-5.414527398e-05 drtr=2.283276577e-05 hrth=-1.379662623e-03 dthrth=5.929718756e-05 jr=-1.215405150e-02 qr=5.806079677e-02 ur=-3.248716439e-03 wr=-9.866870216e-03 hr=-1.143968456e-03 beta=-1.221332602e-04 psi0=1.313178896e-06
elapsed=9.794439e+01 cycle=1000 time=1.250000e+02 dt=1.250000e-01
ccm5-diag t=1.280000e+02 hTT=-3.644773759e-04 dthTT=-9.711795348e-06 hrr=3.166873885e-05 tr=-1.154796493e-04 drtr=2.525822643e-05 hrth=-1.470500318e-03 dthrth=-1.330271081e-04 jr=-1.457909504e-02 qr=5.278138111e-02 ur=-6.928778958e-03 wr=-9.153228408e-03 hr=-3.884718139e-04 beta=-1.131296183e-04 psi0=4.856940964e-07
ccm5-diag t=1.311250e+02 hTT=-3.658855915e-04 dthTT=8.946758594e-06 hrr=8.951830964e-05 tr=-1.750546840e-04 drtr=2.554622323e-05 hrth=-2.392953368e-03 dthrth=-4.837786423e-04 jr=-1.463542366e-02 qr=3.863536912e-02 ur=-1.050328104e-02 wr=-7.532940001e-03 hr=3.578703438e-04 beta=-9.842566177e-05 psi0=-3.779994281e-07
ccm5-diag t=1.342500e+02 hTT=-3.112625599e-04 dthTT=2.589256260e-05 hrr=1.450294871e-04 tr=-2.282829713e-04 drtr=2.359566501e-05 hrth=-4.560464673e-03 dthrth=-9.352632624e-04 jr=-1.245050240e-02 qr=1.920348126e-02 ur=-1.369697828e-02 wr=-5.087381390e-03 hr=1.035702504e-03 beta=-8.168848606e-05 psi0=-1.195791794e-06
ccm5-diag t=1.373750e+02 hTT=-2.078166743e-04 dthTT=3.999331594e-05 hrr=1.937901449e-04 tr=-2.704465359e-04 drtr=1.956844736e-05 hrth=-8.159294568e-03 dthrth=-1.399138239e-03 jr=-8.312666974e-03 qr=-7.501643562e-04 ur=-1.622679215e-02 wr=-2.013674597e-03 hr=1.599732638e-03 beta=-6.658447464e-05 psi0=-1.905808405e-06
elapsed=1.074853e+02 cycle=1100 time=1.375000e+02 dt=1.250000e-01
ccm5-diag t=1.405000e+02 hTT=-6.618248504e-05 dthTT=5.013844172e-05 hrr=2.315674700e-04 tr=-2.974119819e-04 drtr=1.390210869e-05 hrth=-1.307391051e-02 dthrth=-1.771512802e-03 jr=-2.647299401e-03 qr=-1.611843860e-02 ur=-1.784471892e-02 wr=1.386180624e-03 hr=2.005537669e-03 beta=-5.615411890e-05 psi0=-2.450714072e-06
ccm5-diag t=1.436250e+02 hTT=9.924178606e-05 dthTT=5.500987879e-05 hrr=2.549585741e-04 tr=-3.064242435e-04 drtr=7.281358292e-06 hrth=-1.886878664e-02 dthrth=-1.953618044e-03 jr=3.969671442e-03 qr=-2.244855656e-02 ur=-1.838545461e-02 wr=4.736213906e-03 hr=2.200395152e-03 beta=-5.229403400e-05 psi0=-2.763476405e-06
ccm5-diag t=1.467500e+02 hTT=2.696572864e-04 dthTT=5.314220282e-05 hrr=2.620433879e-04 tr=-2.967958379e-04 drtr=5.625097509e-07 hrth=-2.483773492e-02 dthrth=-1.873656820e-03 jr=1.078629146e-02 qr=-1.689079489e-02 ur=-1.780775027e-02 wr=7.636297736e-03 hr=2.125688113e-03 beta=-5.543806533e-05 psi0=-2.765621035e-06
ccm5-diag t=1.498750e+02 hTT=4.219590680e-04 dthTT=4.332676073e-05 hrr=2.528828500e-04 tr=-2.702931931e-04 drtr=-5.343794168e-06 hrth=-3.011632456e-02 dthrth=-1.504504316e-03 jr=1.687836272e-02 qr=1.126103431e-03 ur=-1.621759159e-02 wr=9.724003169e-03 hr=1.733070429e-03 beta=-6.450069599e-05 psi0=-2.383267547e-06
elapsed=1.169803e+02 cycle=1200 time=1.500000e+02 dt=1.250000e-01
ccm5-diag t=1.530000e+02 hTT=5.305032483e-04 dthTT=2.524770790e-05 hrr=2.297054754e-04 tr=-2.310655952e-04 drtr=-9.614772272e-06 hrth=-3.383684321e-02 dthrth=-8.725652229e-04 jr=2.122012993e-02 qr=2.966853154e-02 ur=-1.386393571e-02 wr=1.073707317e-02 hr=1.009908316e-03 beta=-7.709684044e-05 psi0=-1.577785716e-06
ccm5-diag t=1.561250e+02 hTT=5.709137723e-04 dthTT=1.054819400e-07 hrr=1.966789522e-04 tr=-1.850634522e-04 drtr=-1.165786756e-05 hrth=-3.529354103e-02 dthrth=-5.520607268e-05 jr=2.283655089e-02 qr=6.458969090e-02 ur=-1.110380713e-02 wr=1.056351559e-02 hr=4.219277601e-06 beta=-8.999262405e-05 psi0=-3.801762130e-07
ccm5-diag t=1.592500e+02 hTT=5.254370092e-04 dthTT=-2.905953719e-05 hrr=1.592625161e-04 tr=-1.390247453e-04 drtr=-1.122599369e-05 hrth=-3.408231717e-02 dthrth=8.328673392e-04 jr=2.101748037e-02 qr=1.002777755e-01 ur=-8.341484721e-03 wr=9.268272962e-03 hr=-1.162381488e-03 beta=-9.969079166e-05 psi0=1.085582106e-06
ccm5-diag t=1.623750e+02 hTT=3.885350401e-04 dthTT=-5.756083970e-05 hrr=1.232502404e-04 tr=-9.923034496e-05 drtr=-8.481510788e-06 hrth=-3.018475025e-02 dthrth=1.661071463e-03 jr=1.554140160e-02 qr=1.306876627e-01 ur=-5.953820698e-03 wr=7.090111528e-03 hr=-2.302433588e-03 beta=-1.030307819e-04 psi0=2.603183240e-06
elapsed=1.265686e+02 cycle=1300 time=1.625000e+02 dt=1.250000e-01
ccm5-diag t=1.655000e+02 hTT=1.709634885e-04 dthTT=-7.983293986e-05 hrr=9.370550028e-05 tr=-7.030176357e-05 drtr=-3.992586824e-06 hrth=-2.397965644e-02 dthrth=2.307184614e-03 jr=6.838539539e-03 qr=1.504260397e-01 ur=-4.218105814e-03 wr=4.408199738e-03 hr=-3.193317594e-03 beta=-9.769582309e-05 psi0=3.894501451e-06
ccm5-diag t=1.686250e+02 hTT=-9.928661463e-05 dthTT=-9.063081981e-05 hrr=7.402197764e-05 tr=-5.431749840e-05 drtr=1.343374740e-06 hrth=-1.618211353e-02 dthrth=2.678974402e-03 jr=-3.971464585e-03 qr=1.556703661e-01 ur=-3.259049904e-03 wr=1.683309433e-03 hr=-3.625232792e-03 beta=-8.255990154e-05 psi0=4.675833977e-06
ccm5-diag t=1.717500e+02 hTT=-3.800926754e-04 dthTT=-8.635968654e-05 hrr=6.531716391e-05 tr=-5.045578793e-05 drtr=6.441668459e-06 hrth=-7.725275769e-03 dthrth=2.728966203e-03 jr=-1.520370702e-02 qr=1.447671324e-01 ur=-3.027347276e-03 wr=-6.171524662e-04 hr=-3.454387462e-03 beta=-5.785505138e-05 psi0=4.726504941e-06
ccm5-diag t=1.748750e+02 hTT=-6.221798150e-04 dthTT=-6.616447677e-05 hrr=6.628338540e-05 tr=-5.524920611e-05 drtr=1.021674039e-05 hrth=3.895706592e-04 dthrth=2.460185647e-03 jr=-2.488719260e-02 qr=1.184439385e-01 ur=-3.314952366e-03 wr=-2.098194595e-03 hr=-2.646579071e-03 beta=-2.517188823e-05 psi0=3.951212876e-06
elapsed=1.360950e+02 cycle=1400 time=1.750000e+02 dt=1.250000e-01
ccm5-diag t=1.780000e+02 hTT=-7.786884877e-04 dthTT=-3.245364177e-05 hrr=7.351592494e-05 tr=-6.339013285e-05 drtr=1.178103397e-05 hrth=7.246153938e-03 dthrth=1.922954562e-03 jr=-3.114753951e-02 qr=7.965079420e-02 ur=-3.803407971e-03 wr=-2.506935838e-03 hr=-1.298145671e-03 beta=1.268604013e-05 psi0=2.417992193e-06

Terminating on time limit
time=1.800000e+02 cycle=1440
tlim=1.800000e+02 nlim=-1

MeshBlock-cycles = 11520
cpu time used  = 1.375932e+02
zone-cycles/cpu_second = 4.616332e+07
particle-updates/cpu_second = 0.000000e+00
