
Root grid = 2 x 2 x 2 MeshBlocks
Total number of MeshBlocks = 8
Number of logical  levels of refinement = 1 (2 levels total)
Number of physical levels of refinement = 0 (1 levels total)
Number of parallel ranks = 8
  Rank = 0: 1 MeshBlocks, cost = 1
  Rank = 1: 1 MeshBlocks, cost = 1
  Rank = 2: 1 MeshBlocks, cost = 1
  Rank = 3: 1 MeshBlocks, cost = 1
  Rank = 4: 1 MeshBlocks, cost = 1
  Rank = 5: 1 MeshBlocks, cost = 1
  Rank = 6: 1 MeshBlocks, cost = 1
  Rank = 7: 1 MeshBlocks, cost = 1
Load Balancing:
  Maximum normalized cost = 1, Average = 1
AssembleZ4cTasks
AssembleZ4cTasks
AssembleZ4cTasks
AssembleZ4cTasks
AssembleZ4cTasks
AssembleZ4cTasks
AssembleZ4cTasks
AssembleZ4cTasks

Setup complete, executing task list(s)...

elapsed=2.849681e+00 cycle=0 time=0.000000e+00 dt=1.250000e-01
elapsed=3.293418e+02 cycle=100 time=1.250000e+01 dt=1.250000e-01
elapsed=6.563994e+02 cycle=200 time=2.500000e+01 dt=1.250000e-01
elapsed=9.807092e+02 cycle=300 time=3.750000e+01 dt=1.250000e-01
elapsed=1.308427e+03 cycle=400 time=5.000000e+01 dt=1.250000e-01
elapsed=1.635870e+03 cycle=500 time=6.250000e+01 dt=1.250000e-01
elapsed=1.961812e+03 cycle=600 time=7.500000e+01 dt=1.250000e-01

Terminating on time limit
time=8.000000e+01 cycle=640
tlim=8.000000e+01 nlim=-1

MeshBlock-cycles = 5120
cpu time used  = 2.088584e+03
zone-cycles/cpu_second = 1.388071e+08
particle-updates/cpu_second = 0.000000e+00
