
Root grid = 2 x 2 x 2 MeshBlocks
Total number of MeshBlocks = 8
Number of logical  levels of refinement = 1 (2 levels total)
Number of physical levels of refinement = 0 (1 levels total)
Number of parallel ranks = 4
  Rank = 0: 2 MeshBlocks, cost = 2
  Rank = 1: 2 MeshBlocks, cost = 2
  Rank = 2: 2 MeshBlocks, cost = 2
  Rank = 3: 2 MeshBlocks, cost = 2
Load Balancing:
  Maximum normalized cost = 1, Average = 1
AssembleZ4cTasks
AssembleZ4cTasks
AssembleZ4cTasks
AssembleZ4cTasks
ccm5-diag t=0.000000e+00 hTT=-1.848933903e-33 dthTT=-8.181650399e-43 hrr=2.928999702e-17 tr=5.857999403e-17 drtr=1.768940326e-17 hrth=3.644342207e-31 dthrth=-4.823144793e-43 jr=-7.395735611e-32 qr=4.596936747e-14 ur=3.514799642e-15 wr=-6.197061395e-15 hr=-3.272660160e-41 beta=-8.844701631e-17 psi0=-0.000000000e+00

Setup complete, executing task list(s)...

elapsed=2.332639e+00 cycle=0 time=0.000000e+00 dt=1.250000e-01
ccm5-diag t=3.000000e+00 hTT=1.094607259e-18 dthTT=7.641290897e-18 hrr=9.106800166e-18 tr=2.877587306e-17 drtr=-3.493852783e-17 hrth=-4.854855499e-17 dthrth=-1.741288501e-15 jr=4.378429037e-17 qr=-1.516318088e-13 ur=1.726552384e-15 wr=1.424861514e-14 hr=3.056516359e-16 beta=1.730689266e-16 psi0=-2.312309694e-19
ccm5-diag t=6.125000e+00 hTT=-3.453127881e-17 dthTT=8.663445973e-17 hrr=6.763460729e-17 tr=-2.058095201e-17 drtr=-3.606093996e-16 hrth=-1.764509252e-15 dthrth=-3.587959352e-15 jr=-1.381251153e-15 qr=-1.004922263e-12 ur=-1.234857120e-15 wr=1.462727981e-13 hr=3.465378389e-15 beta=1.811500086e-15 psi0=1.103346349e-17
ccm5-diag t=9.250000e+00 hTT=-5.440643740e-17 dthTT=-2.399244995e-16 hrr=8.298181959e-16 tr=1.163372944e-15 drtr=-8.596322854e-16 hrth=8.261631561e-15 dthrth=5.473825114e-15 jr=-2.176257496e-15 qr=-1.799146998e-12 ur=6.980237664e-14 wr=3.687474600e-13 hr=-9.596979979e-15 beta=4.411829555e-15 psi0=4.556079836e-17
ccm5-diag t=1.237500e+01 hTT=-1.172405766e-14 dthTT=-8.389628791e-15 hrr=3.017749267e-16 tr=1.337972544e-15 drtr=7.626866079e-16 hrth=6.033170857e-13 dthrth=3.726402934e-13 jr=-4.689623064e-13 qr=1.500638669e-11 ur=8.027835265e-14 wr=-2.960213954e-13 hr=-3.355851516e-13 beta=-1.345040899e-16 psi0=1.709897169e-16
elapsed=1.294388e+01 cycle=100 time=1.250000e+01 dt=1.250000e-01
ccm5-diag t=1.550000e+01 hTT=-1.014791761e-12 dthTT=-1.617871885e-12 hrr=2.415653026e-14 tr=-3.266597619e-15 drtr=5.845633193e-14 hrth=4.800983685e-11 dthrth=7.326899369e-11 jr=-4.059167043e-11 qr=2.926829438e-09 ur=-1.959958571e-13 wr=-2.265783686e-11 hr=-6.471487539e-11 beta=1.422727796e-14 psi0=1.628283800e-14
ccm5-diag t=1.862500e+01 hTT=-8.835132024e-12 dthTT=-3.250958756e-12 hrr=7.683107751e-14 tr=-5.368992996e-14 drtr=4.100478221e-13 hrth=3.814422249e-10 dthrth=1.196324482e-10 jr=-3.534052809e-10 qr=4.621864630e-09 ur=-3.221395797e-12 wr=-1.617141965e-10 hr=-1.300383502e-10 beta=3.596938060e-13 psi0=4.559038029e-13
ccm5-diag t=2.175000e+01 hTT=-6.616207630e-12 dthTT=1.540457872e-11 hrr=1.047708797e-13 tr=-9.797243888e-14 drtr=2.436744071e-13 hrth=2.663132428e-10 dthrth=-5.901955450e-10 jr=-2.646483052e-10 qr=-2.382782130e-08 ur=-5.878346333e-12 wr=-9.432663643e-11 hr=6.161831489e-10 beta=4.845250070e-13 psi0=1.289987219e-12
ccm5-diag t=2.487500e+01 hTT=7.736993731e-14 dthTT=2.039285318e-12 hrr=-6.575164066e-14 tr=-5.520999402e-15 drtr=2.487216383e-14 hrth=1.297545812e-11 dthrth=-7.421918345e-11 jr=3.094797492e-12 qr=-2.948331779e-09 ur=-3.312599641e-13 wr=-1.192141475e-11 hr=8.157141272e-11 beta=-5.901199114e-14 psi0=7.613877577e-14
elapsed=2.352931e+01 cycle=200 time=2.500000e+01 dt=1.250000e-01
ccm5-diag t=2.800000e+01 hTT=1.168697141e-13 dthTT=3.209713839e-13 hrr=-1.331367550e-13 tr=-6.135419169e-15 drtr=-3.243573210e-14 hrth=1.116075653e-11 dthrth=-1.651080809e-11 jr=4.674788563e-12 qr=-7.721284753e-10 ur=-3.681251502e-13 wr=8.980190189e-12 hr=1.283885536e-11 beta=1.994161275e-13 psi0=-7.678061693e-15
ccm5-diag t=3.112500e+01 hTT=2.189615056e-13 dthTT=2.251194208e-13 hrr=-1.760561297e-13 tr=-2.290241015e-14 drtr=9.757075122e-15 hrth=-1.182209467e-12 dthrth=-3.341345977e-11 jr=8.758460225e-12 qr=-1.310948927e-09 ur=-1.374144609e-12 wr=-9.184513941e-12 hr=9.004776831e-12 beta=-9.732541594e-14 psi0=-1.613906800e-14
ccm5-diag t=3.425000e+01 hTT=4.654497724e-14 dthTT=-3.470916396e-13 hrr=-2.569039072e-13 tr=1.454940485e-15 drtr=3.020903929e-14 hrth=-6.407229985e-13 dthrth=5.374749286e-11 jr=1.861799089e-12 qr=2.224410874e-09 ur=8.729642912e-14 wr=-1.979073293e-11 hr=-1.388366559e-11 beta=-2.194575595e-13 psi0=-1.961169819e-14
ccm5-diag t=3.737500e+01 hTT=-9.357829058e-14 dthTT=-1.310893909e-13 hrr=-3.527296145e-13 tr=6.259488893e-14 drtr=3.587790962e-14 hrth=2.701439476e-11 dthrth=1.959325743e-11 jr=-3.743131623e-12 qr=7.925497892e-10 ur=3.755693336e-12 wr=-2.493305228e-11 hr=-5.243575636e-12 beta=-1.065563456e-13 psi0=7.489275037e-15
elapsed=3.394269e+01 cycle=300 time=3.750000e+01 dt=1.250000e-01
ccm5-diag t=4.050000e+01 hTT=-4.344923121e-14 dthTT=-4.388043668e-14 hrr=-3.427724832e-13 tr=1.175435642e-13 drtr=2.420077154e-14 hrth=1.308478185e-11 dthrth=-5.770100600e-12 jr=-1.737969248e-12 qr=-2.049239040e-10 ur=7.052613855e-12 wr=-1.996348311e-11 hr=-1.755217467e-12 beta=-1.396100375e-13 psi0=-4.745291410e-15
ccm5-diag t=4.362500e+01 hTT=-1.104091774e-13 dthTT=-8.264272915e-14 hrr=-2.253597481e-13 tr=1.365647731e-13 drtr=3.924905167e-15 hrth=1.157940448e-11 dthrth=2.729192353e-12 jr=-4.416367095e-12 qr=9.204313947e-11 ur=8.193886387e-12 wr=-8.330754511e-12 hr=-3.305709166e-12 beta=-2.066378151e-14 psi0=-3.977000703e-15
ccm5-diag t=4.675000e+01 hTT=-1.691876382e-13 dthTT=-5.454457086e-14 hrr=-2.182965699e-13 tr=1.707587003e-13 drtr=7.923654479e-15 hrth=1.885613493e-11 dthrth=3.556243276e-11 jr=-6.767505528e-12 qr=1.395191199e-09 ur=1.024552202e-11 wr=-9.718358889e-12 hr=-2.181782834e-12 beta=2.313590871e-15 psi0=-7.752546141e-16
ccm5-diag t=4.987500e+01 hTT=-1.740691587e-13 dthTT=1.241112293e-14 hrr=-1.054303766e-13 tr=1.525277111e-13 drtr=-1.473121199e-14 hrth=2.895243449e-11 dthrth=1.061310996e-11 jr=-6.962766347e-12 qr=3.114638487e-10 ur=9.151662665e-12 wr=2.729573498e-12 hr=4.964449174e-13 beta=2.091852175e-13 psi0=1.763612664e-15
elapsed=4.448218e+01 cycle=400 time=5.000000e+01 dt=1.250000e-01
ccm5-diag t=5.300000e+01 hTT=9.722757025e-11 dthTT=2.725520771e-10 hrr=-2.565486787e-14 tr=8.074076458e-14 drtr=1.172951343e-13 hrth=1.664054739e-10 dthrth=3.971975388e-10 jr=3.889102810e-09 qr=1.567503790e-08 ur=4.844445875e-12 wr=-4.768769976e-11 hr=1.090208308e-08 beta=4.370522276e-13 psi0=-9.110052492e-13
ccm5-diag t=5.612500e+01 hTT=1.650769480e-08 dthTT=-8.124827608e-09 hrr=3.756741880e-11 tr=-3.751008647e-11 drtr=5.311398519e-11 hrth=8.159999501e-08 dthrth=6.811780010e-08 jr=6.603077920e-07 qr=2.605134978e-06 ur=-2.250605188e-09 wr=-2.011857151e-08 hr=-3.249931043e-07 beta=2.585106584e-10 psi0=-6.202666252e-10
ccm5-diag t=5.925000e+01 hTT=4.874227577e-08 dthTT=1.867468406e-07 hrr=-1.317913949e-10 tr=1.318305486e-10 drtr=-2.062381572e-10 hrth=-3.470625787e-07 dthrth=1.923736962e-07 jr=1.949691031e-06 qr=8.249073841e-06 ur=7.909832917e-09 wr=7.854152105e-08 hr=7.469873625e-06 beta=-1.187376998e-09 psi0=-2.033307939e-09
ccm5-diag t=6.237500e+01 hTT=-6.908952360e-08 dthTT=6.897567846e-08 hrr=9.463681193e-11 tr=-9.149113453e-11 drtr=3.136401855e-11 hrth=3.074221420e-08 dthrth=-2.759665533e-07 jr=-2.763580944e-06 qr=-1.106110460e-05 ur=-5.489468072e-09 wr=-9.706503063e-09 hr=2.759027138e-06 beta=7.041434079e-11 psi0=6.815960934e-09
elapsed=5.508423e+01 cycle=500 time=6.250000e+01 dt=1.250000e-01
ccm5-diag t=6.550000e+01 hTT=4.363123719e-09 dthTT=-7.342497412e-09 hrr=2.625271584e-12 tr=1.694391287e-13 drtr=1.691648836e-11 hrth=-7.894956109e-09 dthrth=1.680223356e-08 jr=1.745249488e-07 qr=7.363839493e-07 ur=1.016634772e-11 wr=-6.687837197e-09 hr=-2.936998965e-07 beta=-1.332907795e-10 psi0=4.182828884e-10
ccm5-diag t=6.862500e+01 hTT=1.773037889e-09 dthTT=-4.133529471e-10 hrr=7.321403723e-12 tr=-3.596221574e-11 drtr=3.228812607e-11 hrth=-5.960134360e-09 dthrth=6.239413398e-10 jr=7.092151556e-08 qr=1.181718263e-07 ur=-2.157732944e-09 wr=-1.269560832e-08 hr=-1.653411789e-08 beta=-1.923658422e-10 psi0=-1.549392421e-10
ccm5-diag t=7.175000e+01 hTT=4.892101851e-10 dthTT=5.763017194e-10 hrr=-3.919159225e-13 tr=-8.228161448e-12 drtr=-6.236479103e-12 hrth=-5.628588789e-10 dthrth=-2.052581901e-09 jr=1.956840740e-08 qr=-9.587593895e-08 ur=-4.936896869e-10 wr=2.482834164e-09 hr=2.305206878e-08 beta=2.859506873e-11 psi0=-8.471292249e-11
ccm5-diag t=7.487500e+01 hTT=-9.003840162e-10 dthTT=-3.480881072e-10 hrr=-2.044824862e-11 tr=7.705458606e-11 drtr=-7.871076887e-12 hrth=1.029102786e-08 dthrth=7.093152708e-09 jr=-3.601536065e-08 qr=2.385857154e-07 ur=4.623275164e-09 wr=2.534983296e-09 hr=-1.392352429e-08 beta=8.893042318e-11 psi0=5.449013621e-11
elapsed=6.589418e+01 cycle=600 time=7.500000e+01 dt=1.250000e-01
ccm5-diag t=7.800000e+01 hTT=-4.190875302e-10 dthTT=-6.540717012e-10 hrr=-2.056991693e-11 tr=5.483839978e-11 drtr=4.114766503e-12 hrth=-6.126175887e-09 dthrth=-1.937290069e-09 jr=-1.676350121e-08 qr=-4.594733149e-08 ur=3.290303987e-09 wr=-2.263004109e-09 hr=-2.616286805e-08 beta=-7.085971102e-11 psi0=6.062171668e-11

Terminating on time limit
time=8.000000e+01 cycle=640
tlim=8.000000e+01 nlim=-1

MeshBlock-cycles = 5120
cpu time used  = 6.778084e+01
zone-cycles/cpu_second = 4.164900e+07
particle-updates/cpu_second = 0.000000e+00
