
Root grid = 2 x 2 x 2 MeshBlocks
Total number of MeshBlocks = 8
Number of logical  levels of refinement = 1 (2 levels total)
Number of physical levels of refinement = 0 (1 levels total)
Number of parallel ranks = 4
  Rank = 0: 2 MeshBlocks, cost = 2
  Rank = 1: 2 MeshBlocks, cost = 2
  Rank = 2: 2 MeshBlocks, cost = 2
  Rank = 3: 2 MeshBlocks, cost = 2
Load Balancing:
  Maximum normalized cost = 1, Average = 1
AssembleZ4cTasks
AssembleZ4cTasks
AssembleZ4cTasks
AssembleZ4cTasks

Setup complete, executing task list(s)...

elapsed=9.973681e-01 cycle=0 time=0.000000e+00 dt=8.266129e-02
elapsed=2.533984e+01 cycle=100 time=8.266129e+00 dt=8.266129e-02
elapsed=5.011019e+01 cycle=200 time=1.653226e+01 dt=8.266129e-02
elapsed=7.488629e+01 cycle=300 time=2.479839e+01 dt=8.266129e-02
elapsed=9.919508e+01 cycle=400 time=3.306452e+01 dt=8.266129e-02
elapsed=1.237566e+02 cycle=500 time=4.133065e+01 dt=8.266129e-02
elapsed=1.483711e+02 cycle=600 time=4.959677e+01 dt=8.266129e-02
elapsed=1.727503e+02 cycle=700 time=5.786290e+01 dt=8.266129e-02

Terminating on time limit
time=6.000000e+01 cycle=726
tlim=6.000000e+01 nlim=-1

MeshBlock-cycles = 5808
cpu time used  = 1.780727e+02
zone-cycles/cpu_second = 6.218624e+07
particle-updates/cpu_second = 0.000000e+00
