
Root grid = 2 x 2 x 2 MeshBlocks
Total number of MeshBlocks = 8
Number of logical  levels of refinement = 1 (2 levels total)
Number of physical levels of refinement = 0 (1 levels total)
Number of parallel ranks = 4
  Rank = 0: 2 MeshBlocks, cost = 2
  Rank = 1: 2 MeshBlocks, cost = 2
  Rank = 2: 2 MeshBlocks, cost = 2
  Rank = 3: 2 MeshBlocks, cost = 2
Load Balancing:
  Maximum normalized cost = 1, Average = 1
AssembleZ4cTasks
AssembleZ4cTasks
AssembleZ4cTasks
AssembleZ4cTasks
ccm5-diag t=0.000000e+00 hTT=2.500273855e-34 dthTT=0.000000000e+00 hrr=-8.851021269e-17 tr=-1.770204254e-16 drtr=4.112741268e-17 hrth=-1.218938772e-31 dthrth=0.000000000e+00 jr=9.751068035e-33 qr=8.347649716e-14 ur=-1.035569488e-14 wr=-1.822762239e-14 hr=0.000000000e+00 beta=-2.004961368e-16 psi0=7.962444363e-14

Setup complete, executing task list(s)...

elapsed=2.174613e+00 cycle=0 time=0.000000e+00 dt=1.250000e-01
ccm5-diag t=3.000000e+00 hTT=6.961465350e-15 dthTT=1.500859705e-14 hrr=1.070998430e-16 tr=4.817790126e-16 drtr=1.286900887e-16 hrth=-1.193050891e-15 dthrth=-4.552600804e-15 jr=2.714971486e-13 qr=1.478182308e-13 ur=2.818407224e-14 wr=-4.580173581e-14 hr=5.853352848e-13 beta=-6.684593602e-16 psi0=6.368544236e-14
ccm5-diag t=6.125000e+00 hTT=2.437334911e-13 dthTT=1.524561762e-13 hrr=9.286611899e-17 tr=1.750762528e-15 drtr=7.786569213e-17 hrth=-1.449821527e-13 dthrth=-1.740234912e-13 jr=9.505606154e-12 qr=-6.071899513e-12 ur=1.024196079e-13 wr=-2.689209545e-14 hr=5.945790873e-12 beta=-1.504596809e-15 psi0=-6.967340385e-14
ccm5-diag t=9.250000e+00 hTT=1.042502407e-12 dthTT=3.610311783e-13 hrr=9.416036260e-17 tr=1.185341699e-15 drtr=-9.493485751e-16 hrth=-1.488931736e-12 dthrth=-9.178377362e-13 jr=4.065759387e-11 qr=-3.342547279e-11 ur=6.934248941e-14 wr=3.637439863e-13 hr=1.408021595e-11 beta=-5.040987521e-15 psi0=-5.845306807e-14
ccm5-diag t=1.237500e+01 hTT=2.498266527e-12 dthTT=5.685418987e-13 hrr=1.373697677e-15 tr=-6.105852814e-15 drtr=-2.651307337e-15 hrth=-6.479645559e-12 dthrth=-2.682306609e-12 jr=9.743239454e-11 qr=-9.157717117e-11 ur=-3.571923896e-13 wr=1.048340272e-12 hr=2.217313405e-11 beta=-2.750441019e-14 psi0=-1.723563901e-13
elapsed=1.174107e+01 cycle=100 time=1.250000e+01 dt=1.250000e-01
ccm5-diag t=1.550000e+01 hTT=4.548320728e-12 dthTT=6.899852060e-13 hrr=8.193817752e-15 tr=-3.191398169e-14 drtr=-6.037303790e-15 hrth=-1.850681194e-11 dthrth=-5.587287035e-12 jr=1.773845084e-10 qr=-1.780248351e-10 ur=-1.866967929e-12 wr=2.535353935e-12 hr=2.690942303e-11 beta=-8.316385174e-14 psi0=-3.171694121e-12
ccm5-diag t=1.862500e+01 hTT=5.023005685e-12 dthTT=-1.440751471e-12 hrr=2.827067755e-14 tr=-9.755074961e-14 drtr=-1.334263830e-14 hrth=-4.039941568e-11 dthrth=-8.380219688e-12 jr=1.958972217e-10 qr=-2.417782689e-10 ur=-5.706718852e-12 wr=5.900455533e-12 hr=-5.618930737e-11 beta=-1.746637385e-13 psi0=-4.870703830e-11
ccm5-diag t=2.175000e+01 hTT=-3.585231634e-11 dthTT=-3.995610687e-11 hrr=7.368194092e-14 tr=-2.187320971e-13 drtr=-9.883366714e-15 hrth=-5.184368019e-11 dthrth=1.374079568e-11 jr=-1.398240337e-09 qr=6.560773431e-10 ur=-1.279582768e-11 wr=5.913346965e-12 hr=-1.558288168e-09 beta=-2.383878732e-13 psi0=-4.740603503e-10
ccm5-diag t=2.487500e+01 hTT=-5.870439883e-10 dthTT=-4.552069975e-10 hrr=1.224032771e-13 tr=-1.576728449e-13 drtr=1.543427766e-13 hrth=3.088576376e-10 dthrth=3.793561496e-10 jr=-2.289471554e-08 qr=1.421122611e-08 ur=-9.223861426e-12 wr=-5.510854495e-11 hr=-1.775307290e-08 beta=1.277745540e-12 psi0=-3.171171303e-09
elapsed=2.120367e+01 cycle=200 time=2.500000e+01 dt=1.250000e-01
ccm5-diag t=2.800000e+01 hTT=-5.435502268e-09 dthTT=-3.571624821e-09 hrr=-3.854118102e-13 tr=3.294716913e-12 drtr=1.972783711e-12 hrth=4.764532744e-09 dthrth=3.859816221e-09 jr=-2.119845885e-07 qr=1.409328814e-07 ur=1.927409394e-10 wr=-7.614243017e-10 hr=-1.392933680e-07 beta=2.041636340e-11 psi0=-1.541047159e-08
ccm5-diag t=3.112500e+01 hTT=-3.663845390e-08 dthTT=-2.077544615e-08 hrr=-7.018903900e-12 tr=3.824526817e-11 drtr=1.627050709e-11 hrth=4.080577077e-08 dthrth=2.790725684e-08 jr=-1.428899702e-06 qr=1.005324215e-06 ur=2.237348188e-09 wr=-6.392163259e-09 hr=-8.102424000e-07 beta=1.757213471e-10 psi0=-5.678030662e-08
ccm5-diag t=3.425000e+01 hTT=-1.906991580e-07 dthTT=-9.359087358e-08 hrr=-5.976320964e-11 tr=2.890414775e-10 drtr=1.020771333e-10 hrth=2.615278162e-07 dthrth=1.553097845e-07 jr=-7.437267160e-06 qr=5.522296052e-06 ur=1.690892643e-08 wr=-4.056290382e-08 hr=-3.650044070e-06 beta=1.127763348e-09 psi0=-1.641673109e-07
ccm5-diag t=3.737500e+01 hTT=-7.953898992e-07 dthTT=-3.380053946e-07 hrr=-3.811996765e-10 tr=1.699175770e-09 drtr=5.088540136e-10 hrth=1.333311323e-06 dthrth=6.918863971e-07 jr=-3.102020607e-05 qr=2.424398773e-05 ur=9.940178256e-08 wr=-2.046418292e-07 hr=-1.318221039e-05 beta=5.758507245e-09 psi0=-3.828161115e-07
elapsed=3.084777e+01 cycle=300 time=3.750000e+01 dt=1.250000e-01
ccm5-diag t=4.050000e+01 hTT=-2.738373383e-06 dthTT=-1.007072924e-06 hrr=-1.966798318e-09 tr=8.154012754e-09 drtr=2.074899944e-09 hrth=5.590545765e-06 dthrth=2.541698476e-06 jr=-1.067965620e-04 qr=8.756549722e-05 ur=4.770097461e-07 wr=-8.465095544e-07 hr=-3.927584404e-05 beta=2.421074343e-08 psi0=-7.354611588e-07
ccm5-diag t=4.362500e+01 hTT=-7.977193683e-06 dthTT=-2.535613180e-06 hrr=-8.492513725e-09 tr=3.285401279e-08 drtr=7.082663693e-09 hrth=1.977792953e-05 dthrth=7.890827026e-06 jr=-3.111105536e-04 qr=2.664895224e-04 ur=1.921959748e-06 wr=-2.941588896e-06 hr=-9.888891403e-05 beta=8.602373400e-08 psi0=-1.181968511e-06
ccm5-diag t=4.675000e+01 hTT=-2.008073767e-05 dthTT=-5.505171816e-06 hrr=-3.142321487e-08 tr=1.135816907e-07 drtr=2.061916040e-08 hrth=6.030121554e-05 dthrth=2.113547457e-05 jr=-7.831487692e-04 qr=6.970670050e-04 ur=6.644528906e-06 wr=-8.759564778e-06 hr=-2.147017008e-04 beta=2.639743314e-07 psi0=-1.601862930e-06
ccm5-diag t=4.987500e+01 hTT=-4.446888836e-05 dthTT=-1.048269384e-05 hrr=-1.015273348e-07 tr=3.430134961e-07 drtr=5.193455618e-08 hrth=1.613252530e-04 dthrth=4.970487690e-05 jr=-1.734286646e-03 qr=1.593069420e-03 ur=2.006628952e-05 wr=-2.271778953e-05 hr=-4.088250596e-04 beta=7.126967548e-07 psi0=-1.825807611e-06
elapsed=4.038758e+01 cycle=400 time=5.000000e+01 dt=1.250000e-01
ccm5-diag t=5.300000e+01 hTT=-8.796379652e-05 dthTT=-1.775177253e-05 hrr=-2.909298414e-07 tr=9.186258740e-07 drtr=1.143201410e-07 hrth=3.845685834e-04 dthrth=1.041638870e-04 jr=-3.430588064e-03 qr=3.223246857e-03 ur=5.373961363e-05 wr=-5.197993149e-05 hr=-6.923191286e-04 beta=1.720311845e-06 psi0=-1.708094983e-06
ccm5-diag t=5.612500e+01 hTT=-1.574518643e-04 dthTT=-2.703359748e-05 hrr=-7.490636708e-07 tr=2.209714011e-06 drtr=2.210998831e-07 hrth=8.276273705e-04 dthrth=1.969624124e-04 jr=-6.140622707e-03 qr=5.832359624e-03 ur=1.292682697e-04 wr=-1.059833429e-04 hr=-1.054310302e-03 beta=3.763961558e-06 psi0=-1.199548729e-06
ccm5-diag t=5.925000e+01 hTT=-2.578326050e-04 dthTT=-3.733106371e-05 hrr=-1.752084140e-06 tr=4.826768369e-06 drtr=3.754736874e-07 hrth=1.626128085e-03 dthrth=3.395719739e-04 jr=-1.005547159e-02 qr=9.503931895e-03 ur=2.823659496e-04 wr=-1.940223307e-04 hr=-1.455911485e-03 beta=7.552096675e-06 psi0=-3.777764766e-07
ccm5-diag t=6.237500e+01 hTT=-3.898153779e-04 dthTT=-4.699766335e-05 hrr=-3.758291566e-06 tr=9.665967713e-06 drtr=5.542305200e-07 hrth=2.945130016e-03 dthrth=5.384424364e-04 jr=-1.520279974e-02 qr=1.399380101e-02 ur=5.654591112e-04 wr=-3.206761835e-04 hr=-1.832908871e-03 beta=1.402934593e-05 psi0=5.803938968e-07
elapsed=5.000229e+01 cycle=500 time=6.250000e+01 dt=1.250000e-01
ccm5-diag t=6.550000e+01 hTT=-5.483209678e-04 dthTT=-5.404946990e-05 hrr=-7.453846065e-06 tr=1.789769464e-05 drtr=6.896363864e-07 hrth=4.957611994e-03 dthrth=7.909409597e-04 jr=-2.138451774e-02 qr=1.859428200e-02 ur=1.047015137e-03 wr=-4.802592333e-04 hr=-2.107929326e-03 beta=2.431691333e-05 psi0=1.465444558e-06
ccm5-diag t=6.862500e+01 hTT=-7.221507898e-04 dthTT=-5.664337105e-05 hrr=-1.376768737e-05 tr=3.087955568e-05 drtr=6.578893637e-07 hrth=7.812165834e-03 dthrth=1.082825584e-03 jr=-2.816388080e-02 qr=2.210112887e-02 ur=1.806454008e-03 wr=-6.528672860e-04 hr=-2.209091471e-03 beta=3.956890917e-05 psi0=2.105151605e-06
ccm5-diag t=7.175000e+01 hTT=-8.952278809e-04 dthTT=-5.357629706e-05 hrr=-2.383658924e-05 tr=4.999925703e-05 drtr=2.831805520e-07 hrth=1.159668439e-02 dthrth=1.388578908e-03 jr=-3.491388736e-02 qr=2.293555721e-02 ur=2.924956536e-03 wr=-8.048996402e-04 hr=-2.089475585e-03 beta=6.074816082e-05 psi0=2.408748707e-06
ccm5-diag t=7.487500e+01 hTT=-1.049218896e-03 dthTT=-4.464424916e-05 hrr=-3.891245463e-05 tr=7.647908895e-05 drtr=-6.379920639e-07 hrth=1.630785729e-02 dthrth=1.675071734e-03 jr=-4.091953695e-02 qr=1.942267359e-02 ur=4.474026704e-03 wr=-8.955928157e-04 hr=-1.741125717e-03 beta=8.835975825e-05 psi0=2.374876567e-06
elapsed=5.956394e+01 cycle=600 time=7.500000e+01 dt=1.250000e-01
ccm5-diag t=7.800000e+01 hTT=-1.166895764e-03 dthTT=-3.074349299e-05 hrr=-6.022102581e-05 tr=1.111878955e-04 drtr=-2.295327314e-06 hrth=2.183608563e-02 dthrth=1.907850556e-03 jr=-4.550893481e-02 qr=1.016561742e-02 ur=6.504491887e-03 wr=-8.886667938e-04 hr=-1.198996226e-03 beta=1.222108851e-04 psi0=2.070599742e-06
ccm5-diag t=8.112500e+01 hTT=-1.235357008e-03 dthTT=-1.368366242e-05 hrr=-8.879680345e-05 tr=1.545016405e-04 drtr=-4.816259103e-06 hrth=2.797169920e-02 dthrth=2.058346454e-03 jr=-4.817892333e-02 qr=-5.589535053e-03 ur=9.038345972e-03 wr=-7.659239770e-04 hr=-5.336628345e-04 beta=1.612731213e-04 psi0=1.597284326e-06
ccm5-diag t=8.425000e+01 hTT=-1.248288206e-03 dthTT=4.220968250e-06 hrr=-1.253259424e-04 tr=2.062337941e-04 drtr=-8.223914232e-06 hrth=3.443234608e-02 dthrth=2.109925735e-03 jr=-4.868324002e-02 qr=-2.770811791e-02 ur=1.206467696e-02 wr=-5.386404294e-04 hr=1.646177618e-04 beta=2.037010392e-04 psi0=1.058229407e-06
ccm5-diag t=8.737500e+01 hTT=-1.206765017e-03 dthTT=2.064889322e-05 hrr=-1.700244624e-04 tr=2.656321435e-04 drtr=-1.241297445e-05 hrth=4.090535813e-02 dthrth=2.061094726e-03 jr=-4.706383566e-02 qr=-5.511410088e-02 ur=1.553948039e-02 wr=-2.531819913e-04 hr=8.053068355e-04 beta=2.470169510e-04 psi0=5.368177692e-07
elapsed=6.904191e+01 cycle=700 time=8.750000e+01 dt=1.250000e-01
ccm5-diag t=9.050000e+01 hTT=-1.118554612e-03 dthTT=3.371101205e-05 hrr=-2.225661485e-04 tr=3.314200546e-04 drtr=-1.714927296e-05 hrth=4.709495879e-02 dthrth=1.925131951e-03 jr=-4.362362987e-02 qr=-8.594272333e-02 ur=1.938807319e-02 wr=1.095119900e-05 hr=1.314729470e-03 beta=2.884244232e-04 psi0=8.720908191e-08
ccm5-diag t=9.362500e+01 hTT=-9.962800051e-04 dthTT=4.222489709e-05 hrr=-2.820593997e-04 tr=4.018541514e-04 drtr=-2.209218054e-05 hrth=5.276354815e-02 dthrth=1.726526245e-03 jr=-3.885492020e-02 qr=-1.178509629e-01 ur=2.350846786e-02 wr=1.503142097e-04 hr=1.646770986e-03 beta=3.251806340e-04 psi0=-2.649773821e-07
ccm5-diag t=9.675000e+01 hTT=-8.550457111e-04 dthTT=4.578401874e-05 hrr=-3.470614773e-04 tr=4.747772834e-04 drtr=-2.683350987e-05 hrth=5.775877371e-02 dthrth=1.495424305e-03 jr=-3.334678273e-02 qr=-1.484009549e-01 ur=2.777447108e-02 wr=5.189391734e-05 hr=1.785576731e-03 beta=3.549493803e-04 psi0=-5.163014973e-07
ccm5-diag t=9.987500e+01 hTT=-7.101392758e-04 dthTT=4.464875714e-05 hrr=-4.156159792e-04 tr=5.476609151e-04 drtr=-3.094426231e-05 hrth=6.202238811e-02 dthrth=1.261593265e-03 jr=-2.769543176e-02 qr=-1.754261979e-01 ur=3.203816353e-02 wr=-3.902116488e-04 hr=1.741301529e-03 beta=3.760710805e-04 psi0=-6.774153313e-07
elapsed=7.857688e+01 cycle=800 time=1.000000e+02 dt=1.250000e-01
ccm5-diag t=1.030000e+02 hTT=-5.752652106e-04 dthTT=3.952830307e-05 hrr=-4.853050557e-04 tr=6.176477968e-04 drtr=-3.402112536e-05 hrth=6.558133593e-02 dthrth=1.049187498e-03 jr=-2.243534322e-02 qr=-1.973124967e-01 ur=3.613239611e-02 wr=-1.258639964e-03 hr=1.541603820e-03 beta=3.877139266e-04 psi0=-7.658459727e-07
ccm5-diag t=1.061250e+02 hTT=-4.615266298e-04 dthTT=3.133373101e-05 hrr=-5.533187316e-04 tr=6.816178366e-04 drtr=-3.572723376e-05 hrth=6.852475766e-02 dthrth=8.730755973e-04 jr=-1.799953856e-02 qr=-2.131613651e-01 ur=3.987464344e-02 wr=-2.599292261e-03 hr=1.222015509e-03 beta=3.898996192e-04 psi0=-8.007960400e-07
ccm5-diag t=1.092500e+02 hTT=-3.771331892e-04 dthTT=2.097063667e-05 hrr=-6.165546946e-04 tr=7.363040525e-04 drtr=-3.582496425e-05 hrth=7.097209511e-02 dthrth=7.369262468e-04 jr=-1.470819438e-02 qr=-2.228370306e-01 ur=4.307378707e-02 wr=-4.411782162e-03 hr=8.178548302e-04 beta=3.834193481e-04 psi0=-8.000481108e-07
ccm5-diag t=1.123750e+02 hTT=-3.276318909e-04 dthTT=9.218799485e-06 hrr=-6.717678973e-04 tr=7.784807043e-04 drtr=-3.420112423e-05 hrth=7.303758312e-02 dthrth=6.329430037e-04 jr=-1.277764375e-02 qr=-2.269167159e-01 ur=4.554112120e-02 wr=-6.644233510e-03 hr=3.595331799e-04 beta=3.696680536e-04 psi0=-7.784806092e-07
elapsed=8.814867e+01 cycle=900 time=1.125000e+02 dt=1.250000e-01
ccm5-diag t=1.155000e+02 hTT=-3.163437594e-04 dthTT=-3.276474862e-06 hrr=-7.157864562e-04 tr=8.052329411e-04 drtr=-3.088573963e-05 hrth=7.479613515e-02 dthrth=5.432051476e-04 jr=-1.233740662e-02 qr=-2.265630926e-01 ur=4.710612705e-02 wr=-9.192451349e-03 hr=-1.277825196e-04 beta=3.504296538e-04 psi0=-7.475065695e-07
ccm5-diag t=1.186250e+02 hTT=-3.446565788e-04 dthTT=-1.590724685e-05 hrr=-7.457968115e-04 tr=8.142972347e-04 drtr=-2.606413635e-05 hrth=7.625598657e-02 dthrth=4.428601971e-04 jr=-1.344160657e-02 qr=-2.233253509e-01 ur=4.763638823e-02 wr=-1.190366889e-02 hr=-6.203826273e-04 beta=3.276467342e-04 psi0=-7.148209554e-07
ccm5-diag t=1.217500e+02 hTT=-4.119090498e-04 dthTT=-2.795070075e-05 hrr=-7.596781859e-04 tr=8.044355466e-04 drtr=-2.007857435e-05 hrth=7.734449361e-02 dthrth=3.054797332e-04 jr=-1.606445294e-02 qr=-2.188695591e-01 ur=4.705947948e-02 wr=-1.458570904e-02 hr=-1.090077329e-03 beta=3.032070961e-04 psi0=-6.841344213e-07
ccm5-diag t=1.248750e+02 hTT=-5.148325490e-04 dthTT=-3.845593280e-05 hrr=-7.563399837e-04 tr=7.757781386e-04 drtr=-1.341233978e-05 hrth=7.791376499e-02 dthrth=1.103120239e-04 jr=-2.007846941e-02 qr=-2.146563581e-01 ur=4.538302111e-02 wr=-1.702290232e-02 hr=-1.499781379e-03 beta=2.787751046e-04 psi0=-6.549986302e-07
elapsed=9.762988e+01 cycle=1000 time=1.250000e+02 dt=1.250000e-01
ccm5-diag t=1.280000e+02 hTT=-6.468346233e-04 dthTT=-4.626977740e-05 hrr=-7.359960586e-04 tr=7.300507481e-04 drtr=-6.649070259e-06 hrth=7.777025255e-02 dthrth=-1.499799655e-04 jr=-2.522655031e-02 qr=-2.116218613e-01 ur=4.270796877e-02 wr=-1.899957575e-02 hr=-1.804521319e-03 beta=2.556861192e-04 psi0=-6.231707942e-07
ccm5-diag t=1.311250e+02 hTT=-7.976500576e-04 dthTT=-5.024633068e-05 hrr=-7.003061768e-04 tr=6.706044222e-04 drtr=-4.055625968e-07 hrth=7.672624377e-02 dthrth=-4.635242897e-04 jr=-3.110835225e-02 qr=-2.099511110e-01 ur=3.923035870e-02 wr=-2.032974050e-02 hr=-1.959606896e-03 beta=2.349099167e-04 psi0=-5.819572944e-07
ccm5-diag t=1.342500e+02 hTT=-9.538795264e-04 dthTT=-4.958904341e-05 hrr=-6.523308254e-04 tr=6.021967608e-04 drtr=4.753435326e-06 hrth=7.466313258e-02 dthrth=-7.978986516e-04 jr=-3.720130153e-02 qr=-2.090339720e-01 ur=3.522851051e-02 wr=-2.088817043e-02 hr=-1.933972693e-03 beta=2.170795256e-04 psi0=-5.245535929e-07
ccm5-diag t=1.373750e+02 hTT=-1.100637352e-03 dthTT=-4.419257262e-05 hrr=-5.962775684e-04 tr=5.305255355e-04 drtr=8.399762771e-06 hrth=7.158996962e-02 dthrth=-1.104618927e-03 jr=-4.292485673e-02 qr=-2.076502444e-01 ur=3.103574382e-02 wr=-2.063512867e-02 hr=-1.723510332e-03 beta=2.025761341e-04 psi0=-4.468060619e-07
elapsed=1.072415e+02 cycle=1100 time=1.375000e+02 dt=1.250000e-01
ccm5-diag t=1.405000e+02 hTT=-1.224064115e-03 dthTT=-3.483151999e-05 hrr=-5.370592221e-04 tr=4.615752233e-04 drtr=1.030326718e-05 hrth=6.767937959e-02 dthrth=-1.328921870e-03 jr=-4.773850049e-02 qr=-2.043570371e-01 ur=2.700215056e-02 wr=-1.962679959e-02 hr=-1.358429280e-03 beta=1.916520409e-04 psi0=-3.494401289e-07
ccm5-diag t=1.436250e+02 hTT=-1.314046822e-03 dthTT=-2.309529611e-05 hrr=-4.797282718e-04 tr=4.008884307e-04 drtr=1.045355121e-05 hrth=6.326769565e-02 dthrth=-1.422407262e-03 jr=-5.124782606e-02 qr=-1.979752199e-01 ur=2.345197320e-02 wr=-1.800701480e-02 hr=-9.007165484e-04 beta=1.845579676e-04 psi0=-2.388661905e-07
ccm5-diag t=1.467500e+02 hTT=-1.366321096e-03 dthTT=-1.106636020e-05 hrr=-4.288871613e-04 tr=3.529031854e-04 drtr=9.038392566e-06 hrth=5.881583237e-02 dthrth=-1.354956906e-03 jr=-5.328652274e-02 qr=-1.880248875e-01 ur=2.064483634e-02 wr=-1.598179824e-02 hr=-4.315880479e-04 beta=1.816277142e-04 psi0=-1.261621222e-07
ccm5-diag t=1.498750e+02 hTT=-1.383282347e-03 dthTT=-8.385843143e-07 hrr=-3.881872361e-04 tr=3.204912048e-04 drtr=6.388458278e-06 hrth=5.483885893e-02 dthrth=-1.122395515e-03 jr=-5.394801155e-02 qr=-1.749659988e-01 ur=1.874873548e-02 wr=-1.378368792e-02 hr=-3.270478826e-05 beta=1.832792033e-04 psi0=-2.450751368e-08
elapsed=1.167280e+02 cycle=1200 time=1.500000e+02 dt=1.250000e-01
ccm5-diag t=1.530000e+02 hTT=-1.373242693e-03 dthTT=5.968018801e-06 hrr=-3.600112794e-04 tr=3.047868121e-04 drtr=2.905672476e-06 hrth=5.182154621e-02 dthrth=-7.476349940e-04 jr=-5.355646501e-02 qr=-1.601630831e-01 ur=1.783002851e-02 wr=-1.163521188e-02 hr=2.327527332e-04 beta=1.899230741e-04 psi0=5.408537679e-08
ccm5-diag t=1.561250e+02 hTT=-1.348370979e-03 dthTT=8.542933084e-06 hrr=-3.453881801e-04 tr=3.053219431e-04 drtr=-1.006966700e-06 hrth=5.014107622e-02 dthrth=-2.751188836e-04 jr=-5.258646818e-02 qr=-1.455889260e-01 ur=1.786133367e-02 wr=-9.719705182e-03 hr=3.331743903e-04 beta=2.018138300e-04 psi0=1.016661629e-07
ccm5-diag t=1.592500e+02 hTT=-1.321949394e-03 dthTT=6.978722950e-06 hrr=-3.441286666e-04 tr=3.204050771e-04 drtr=-5.001019387e-06 hrth=5.001529097e-02 dthrth=2.395211846e-04 jr=-5.155602636e-02 qr=-1.333706754e-01 ur=1.874369701e-02 wr=-8.164125877e-03 hr=2.721701951e-04 beta=2.189080077e-04 psi0=1.159724158e-07
ccm5-diag t=1.623750e+02 hTT=-1.305730680e-03 dthTT=2.120289815e-06 hrr=-3.551196728e-04 tr=3.476287986e-04 drtr=-8.816940626e-06 hrth=5.148655870e-02 dthrth=7.413711491e-04 jr=-5.092349653e-02 qr=-1.253257666e-01 ur=2.033628472e-02 wr=-7.034608755e-03 hr=8.269130278e-05 beta=2.407911105e-04 psi0=1.003967384e-07
elapsed=1.263027e+02 cycle=1300 time=1.625000e+02 dt=1.250000e-01
ccm5-diag t=1.655000e+02 hTT=-1.308053846e-03 dthTT=-4.751861709e-06 hrr=-3.766885876e-04 tr=3.843779676e-04 drtr=-1.229601211e-05 hrth=5.444079852e-02 dthrth=1.186382766e-03 jr=-5.101410001e-02 qr=-1.226207082e-01 ur=2.248611110e-02 wr=-6.342582582e-03 hr=-1.853226067e-04 beta=2.667031439e-04 psi0=6.250166689e-08
ccm5-diag t=1.686250e+02 hTT=-1.333055322e-03 dthTT=-1.228547655e-05 hrr=-4.069520136e-04 tr=4.282359002e-04 drtr=-1.537293595e-05 hrth=5.865220234e-02 dthrth=1.547458869e-03 jr=-5.198915757e-02 qr=-1.256272643e-01 ur=2.505180016e-02 wr=-6.057787504e-03 hr=-4.791335853e-04 beta=2.956512279e-04 psi0=1.173415511e-08
ccm5-diag t=1.717500e+02 hTT=-1.380942467e-03 dthTT=-1.935720785e-05 hrr=-4.440891659e-04 tr=4.772335866e-04 drtr=-1.805494044e-05 hrth=6.383940119e-02 dthrth=1.815743060e-03 jr=-5.385675622e-02 qr=-1.339784060e-01 ur=2.791816481e-02 wr=-6.124216999e-03 hr=-7.549311061e-04 beta=3.265682755e-04 psi0=-4.286817654e-08
ccm5-diag t=1.748750e+02 hTT=-1.449014705e-03 dthTT=-2.524419589e-05 hrr=-4.865139241e-04 tr=5.299369751e-04 drtr=-2.039461203e-05 hrth=6.971893690e-02 dthrth=1.997850251e-03 jr=-5.651157350e-02 qr=-1.467696452e-01 ur=3.100131304e-02 wr=-6.475481055e-03 hr=-9.845236397e-04 beta=3.584693929e-04 psi0=-9.434967480e-08
elapsed=1.358182e+02 cycle=1400 time=1.750000e+02 dt=1.250000e-01
ccm5-diag t=1.780000e+02 hTT=-1.532998714e-03 dthTT=-2.965604118e-05 hrr=-5.329491946e-04 tr=5.854047798e-04 drtr=-2.246338937e-05 hrth=7.604578626e-02 dthrth=2.110670309e-03 jr=-5.978694983e-02 qr=-1.628252599e-01 ur=3.424617962e-02 wr=-7.047060133e-03 hr=-1.156585606e-03 beta=3.905691159e-04 psi0=-1.385979148e-07

Terminating on time limit
time=1.800000e+02 cycle=1440
tlim=1.800000e+02 nlim=-1

MeshBlock-cycles = 11520
cpu time used  = 1.374566e+02
zone-cycles/cpu_second = 4.620921e+07
particle-updates/cpu_second = 0.000000e+00
