
Root grid = 2 x 2 x 2 MeshBlocks
Total number of MeshBlocks = 8
Number of logical  levels of refinement = 1 (2 levels total)
Number of physical levels of refinement = 0 (1 levels total)
Number of parallel ranks = 4
  Rank = 0: 2 MeshBlocks, cost = 2
  Rank = 1: 2 MeshBlocks, cost = 2
  Rank = 2: 2 MeshBlocks, cost = 2
  Rank = 3: 2 MeshBlocks, cost = 2
Load Balancing:
  Maximum normalized cost = 1, Average = 1
AssembleZ4cTasks
AssembleZ4cTasks
AssembleZ4cTasks
AssembleZ4cTasks
ccm5-diag t=0.000000e+00 hTT=-4.814880930e-33 dthTT=0.000000000e+00 hrr=7.369587229e-17 tr=1.473917446e-16 drtr=-1.009100791e-16 hrth=-1.375629583e-31 dthrth=0.000000000e+00 jr=-1.877803563e-31 qr=-2.216039283e-13 ur=8.622417058e-15 wr=4.052666183e-14 hr=0.000000000e+00 beta=4.919366355e-16 psi0=7.962444363e-14

Setup complete, executing task list(s)...

elapsed=2.174115e+00 cycle=0 time=0.000000e+00 dt=2.500000e-01
ccm5-diag t=6.000000e+00 hTT=2.850074727e-13 dthTT=1.713279009e-13 hrr=1.320000585e-16 tr=1.056449380e-15 drtr=-1.536518354e-16 hrth=-1.509654583e-13 dthrth=-1.729183700e-13 jr=1.111529144e-11 qr=-6.579674428e-12 ur=6.180228873e-14 wr=6.228711213e-14 hr=6.681788136e-12 beta=-3.177307567e-16 psi0=-7.360876201e-14
ccm5-diag t=1.225000e+01 hTT=2.655023444e-12 dthTT=5.909446747e-13 hrr=2.222519540e-15 tr=-7.801942385e-15 drtr=-2.508709444e-15 hrth=-6.708025952e-12 dthrth=-2.701134397e-12 jr=1.035459143e-10 qr=-9.140019784e-11 ur=-4.564136295e-13 wr=1.018945463e-12 hr=2.304684231e-11 beta=-2.923933514e-14 psi0=-1.436764841e-13
ccm5-diag t=1.850000e+01 hTT=4.843869261e-12 dthTT=-1.952181371e-12 hrr=3.061072786e-14 tr=-1.023543575e-13 drtr=-1.234862357e-14 hrth=-4.109941604e-11 dthrth=-8.456236512e-12 jr=1.889109012e-10 qr=-2.406560905e-10 ur=-5.987729914e-12 wr=5.590927901e-12 hr=-7.613507347e-11 beta=-1.828112786e-13 psi0=-4.408300021e-11
ccm5-diag t=2.475000e+01 hTT=-6.914487441e-10 dthTT=-5.295402529e-10 hrr=1.201975763e-13 tr=-1.498355622e-13 drtr=1.577645088e-13 hrth=3.432984402e-10 dthrth=4.116139197e-10 jr=-2.696650102e-08 qr=1.537422190e-08 ur=-8.765380389e-12 wr=-5.647417538e-11 hr=-2.065206986e-08 beta=1.480307886e-12 psi0=-2.959838148e-09
elapsed=8.933598e+00 cycle=100 time=2.500000e+01 dt=2.500000e-01
ccm5-diag t=3.100000e+01 hTT=-4.129344555e-08 dthTT=-2.318482876e-08 hrr=-7.888162945e-12 tr=4.001889687e-11 drtr=1.606347579e-11 hrth=4.291425104e-08 dthrth=2.925174460e-08 jr=-1.610444377e-06 qr=1.051065212e-06 ur=2.341105467e-09 wr=-6.338865433e-09 hr=-9.042083216e-07 beta=1.898075056e-10 psi0=-5.426807828e-08
ccm5-diag t=3.725000e+01 hTT=-8.702505942e-07 dthTT=-3.663875598e-07 hrr=-4.094629278e-10 tr=1.753226842e-09 drtr=4.954887224e-10 hrth=1.375372219e-06 dthrth=7.113804308e-07 jr=-3.393977317e-05 qr=2.485074143e-05 ur=1.025637703e-07 wr=-2.003863773e-07 hr=-1.428911483e-05 beta=6.079461976e-09 psi0=-3.737696213e-07
ccm5-diag t=4.350000e+01 hTT=-8.550949573e-06 dthTT=-2.695474941e-06 hrr=-8.897948097e-09 tr=3.362089859e-08 drtr=6.841859290e-09 hrth=2.016904242e-05 dthrth=8.025149563e-06 jr=-3.334870333e-04 qr=2.700502302e-04 ur=1.966822567e-06 wr=-2.861881977e-06 hr=-1.051235227e-04 beta=8.950757008e-08 psi0=-1.183943533e-06
ccm5-diag t=4.975000e+01 hTT=-4.706615089e-05 dthTT=-1.102792433e-05 hrr=-1.047192865e-07 tr=3.493607401e-07 drtr=4.983424927e-08 hrth=1.635532587e-04 dthrth=5.031970417e-05 jr=-1.835579885e-03 qr=1.605943130e-03 ur=2.043760330e-05 wr=-2.201251242e-05 hr=-4.300890489e-04 beta=7.356264457e-07 psi0=-1.919664120e-06
elapsed=1.563713e+01 cycle=200 time=5.000000e+01 dt=2.500000e-01
ccm5-diag t=5.600000e+01 hTT=-1.658270912e-04 dthTT=-2.845202675e-05 hrr=-7.652147569e-07 tr=2.245962983e-06 drtr=2.100710666e-07 hrth=8.380573448e-04 dthrth=1.996364948e-04 jr=-6.467256555e-03 qr=5.882317234e-03 ur=1.313888345e-04 wr=-1.022620547e-04 hr=-1.109629043e-03 beta=3.876016955e-06 psi0=-1.509990210e-06
ccm5-diag t=6.225000e+01 hTT=-4.122779673e-04 dthTT=-5.034698912e-05 hrr=-3.819906843e-06 tr=9.830470757e-06 drtr=5.151167908e-07 hrth=2.992405408e-03 dthrth=5.500832758e-04 jr=-1.607884073e-02 qr=1.422635303e-02 ur=5.750825393e-04 wr=-3.076054349e-04 hr=-1.963532576e-03 beta=1.448710604e-05 psi0=-1.686857641e-08
ccm5-diag t=6.850000e+01 hTT=-7.767698781e-04 dthTT=-6.406044367e-05 hrr=-1.398212946e-05 tr=3.153644956e-05 drtr=5.582809015e-07 hrth=8.007977654e-03 dthrth=1.126093844e-03 jr=-3.029402524e-02 qr=2.301232712e-02 ur=1.844882299e-03 wr=-6.212635995e-04 hr=-2.498357303e-03 beta=4.117398214e-05 psi0=1.290732199e-06
ccm5-diag t=7.475000e+01 hTT=-1.170761133e-03 dthTT=-5.922954303e-05 hrr=-3.968176523e-05 tr=7.884218345e-05 drtr=-8.340719675e-07 hrth=1.698877985e-02 dthrth=1.803260606e-03 jr=-4.565968418e-02 qr=2.207015662e-02 ur=4.612267732e-03 wr=-8.435357673e-04 hr=-2.309952178e-03 beta=9.319282152e-05 psi0=1.536612106e-06
elapsed=2.239533e+01 cycle=300 time=7.500000e+01 dt=2.500000e-01
ccm5-diag t=8.100000e+01 hTT=-1.477596737e-03 dthTT=-3.812894347e-05 hrr=-9.149763493e-05 tr=1.619371371e-04 drtr=-5.166394363e-06 hrth=2.991958864e-02 dthrth=2.363111143e-03 jr=-5.762627276e-02 qr=8.876243940e-05 ur=9.473322520e-03 wr=-7.117843651e-04 hr=-1.487028796e-03 beta=1.738618565e-04 psi0=9.305185337e-07
ccm5-diag t=8.725000e+01 hTT=-1.633863187e-03 dthTT=-1.407694758e-05 hrr=-1.784306933e-04 tr=2.856590612e-04 drtr=-1.311668578e-05 hrth=4.555655434e-02 dthrth=2.658823604e-03 jr=-6.372066430e-02 qr=-4.619020598e-02 ur=1.671105508e-02 wr=-2.314780085e-04 hr=-5.490009555e-04 beta=2.756579817e-04 psi0=1.106505994e-07
ccm5-diag t=9.350000e+01 hTT=-1.665665032e-03 dthTT=-3.522544013e-07 hrr=-3.043618105e-04 tr=4.481720932e-04 drtr=-2.371349894e-05 hrth=6.226634020e-02 dthrth=2.724526378e-03 jr=-6.496093626e-02 qr=-1.084267722e-01 ur=2.621806745e-02 wr=1.144750123e-04 hr=-1.373792165e-05 beta=3.826345494e-04 psi0=-5.330312588e-07
ccm5-diag t=9.975000e+01 hTT=-1.658440398e-03 dthTT=-2.013520981e-06 hrr=-4.662964582e-04 tr=6.412490823e-04 drtr=-3.459119810e-05 hrth=7.907751571e-02 dthrth=2.726764364e-03 jr=-6.467917553e-02 qr=-1.722954841e-01 ur=3.751307132e-02 wr=-4.858683261e-04 hr=-7.852731825e-05 beta=4.788089929e-04 psi0=-9.463562911e-07
elapsed=2.912225e+01 cycle=400 time=1.000000e+02 dt=2.500000e-01
ccm5-diag t=1.060000e+02 hTT=-1.703948065e-03 dthTT=-1.678327715e-05 hrr=-6.539692767e-04 tr=8.503691311e-04 drtr=-4.300506897e-05 hrth=9.610396060e-02 dthrth=2.827574958e-03 jr=-6.645397452e-02 qr=-2.264059291e-01 ur=4.974659417e-02 wr=-2.775923869e-03 hr=-6.545478088e-04 beta=5.559122802e-04 psi0=-1.223458118e-06
ccm5-diag t=1.122500e+02 hTT=-1.871042975e-03 dthTT=-4.052988126e-05 hrr=-8.504055769e-04 tr=1.055499834e-03 drtr=-4.689541115e-05 hrth=1.141683053e-01 dthrth=3.079167740e-03 jr=-7.297067604e-02 qr=-2.676625141e-01 ur=6.174674031e-02 wr=-7.042383035e-03 hr=-1.580665369e-03 beta=6.159243664e-04 psi0=-1.475242043e-06
ccm5-diag t=1.185000e+02 hTT=-2.206491144e-03 dthTT=-7.047379572e-05 hrr=-1.034875002e-03 tr=1.235339619e-03 drtr=-4.569216441e-05 hrth=1.340020917e-01 dthrth=3.398165301e-03 jr=-8.605315460e-02 qr=-3.014571337e-01 ur=7.226736771e-02 wr=-1.289564829e-02 hr=-2.748478033e-03 beta=6.686008658e-04 psi0=-1.789412368e-06
ccm5-diag t=1.247500e+02 hTT=-2.740021627e-03 dthTT=-1.033637548e-04 hrr=-1.190031734e-03 tr=1.376386758e-03 drtr=-4.086002104e-05 hrth=1.555458774e-01 dthrth=3.630443370e-03 jr=-1.068608435e-01 qr=-3.377538536e-01 ur=8.051862534e-02 wr=-1.927140523e-02 hr=-4.031186439e-03 beta=7.267252822e-04 psi0=-2.196196507e-06
elapsed=3.590966e+01 cycle=500 time=1.250000e+02 dt=2.500000e-01
ccm5-diag t=1.310000e+02 hTT=-3.470754615e-03 dthTT=-1.325809404e-04 hrr=-1.311760966e-03 tr=1.483677360e-03 drtr=-3.582216629e-05 hrth=1.779769408e-01 dthrth=3.718147397e-03 jr=-1.353594300e-01 qr=-3.838562206e-01 ur=8.679512554e-02 wr=-2.474762953e-02 hr=-5.170656675e-03 beta=8.021109746e-04 psi0=-2.621013632e-06
ccm5-diag t=1.372500e+02 hTT=-4.352987003e-03 dthTT=-1.517145605e-04 hrr=-1.415720353e-03 tr=1.585413616e-03 drtr=-3.461783411e-05 hrth=2.008641354e-01 dthrth=3.860274826e-03 jr=-1.697664931e-01 qr=-4.382755799e-01 ur=9.274669656e-02 wr=-2.824638891e-02 hr=-5.916867860e-03 beta=9.042457623e-04 psi0=-2.929189673e-06
ccm5-diag t=1.435000e+02 hTT=-5.323494943e-03 dthTT=-1.627138682e-04 hrr=-1.534552933e-03 tr=1.725308412e-03 drtr=-3.979314071e-05 hrth=2.257365665e-01 dthrth=4.454702936e-03 jr=-2.076163028e-01 qr=-4.933337936e-01 ur=1.009305421e-01 wr=-2.975433154e-02 hr=-6.345840860e-03 beta=1.041719049e-03 psi0=-3.090401340e-06
ccm5-diag t=1.497500e+02 hTT=-6.362876885e-03 dthTT=-1.768017628e-04 hrr=-1.706082014e-03 tr=1.945813079e-03 drtr=-5.139371684e-05 hrth=2.564837680e-01 dthrth=5.807928330e-03 jr=-2.481521985e-01 qr=-5.463667990e-01 ur=1.138300651e-01 wr=-3.036043808e-02 hr=-6.895268751e-03 beta=1.224923949e-03 psi0=-3.266564498e-06
elapsed=4.285510e+01 cycle=600 time=1.500000e+02 dt=2.500000e-01
ccm5-diag t=1.560000e+02 hTT=-7.527407646e-03 dthTT=-2.050817988e-04 hrr=-1.960441109e-03 tr=2.274172437e-03 drtr=-6.790474453e-05 hrth=2.979252481e-01 dthrth=7.896798292e-03 jr=-2.935688982e-01 qr=-6.076861980e-01 ur=1.330390876e-01 wr=-3.152212334e-02 hr=-7.998190152e-03 beta=1.466431029e-03 psi0=-3.683474873e-06
ccm5-diag t=1.622500e+02 hTT=-8.917877915e-03 dthTT=-2.500904910e-04 hrr=-2.315232795e-03 tr=2.721426273e-03 drtr=-8.791944066e-05 hrth=3.537959447e-01 dthrth=1.043670676e-02 jr=-3.477972387e-01 qr=-6.957410373e-01 ur=1.592034370e-01 wr=-3.428919195e-02 hr=-9.753529150e-03 beta=1.777543513e-03 psi0=-4.439338412e-06
ccm5-diag t=1.685000e+02 hTT=-1.062583050e-02 dthTT=-3.074271998e-04 hrr=-2.780107557e-03 tr=3.292319620e-03 drtr=-1.110723579e-04 hrth=4.259647810e-01 dthrth=1.316501615e-02 jr=-4.144073894e-01 qr=-8.252695998e-01 ur=1.926006978e-01 wr=-3.908288194e-02 hr=-1.198966079e-02 beta=2.165454371e-03 psi0=-5.474443416e-06
ccm5-diag t=1.747500e+02 hTT=-1.271299013e-02 dthTT=-3.731554871e-04 hrr=-3.364338572e-03 tr=3.995459646e-03 drtr=-1.379125427e-04 hrth=5.153018081e-01 dthrth=1.604092487e-02 jr=-4.958066151e-01 qr=-1.001222431e+00 ur=2.337343893e-01 wr=-4.596565889e-02 hr=-1.455306400e-02 beta=2.635023266e-03 psi0=-6.696602232e-06
elapsed=4.974921e+01 cycle=700 time=1.750000e+02 dt=2.500000e-01

Terminating on time limit
time=1.800000e+02 cycle=720
tlim=1.800000e+02 nlim=-1

MeshBlock-cycles = 5760
cpu time used  = 4.898988e+01
zone-cycles/cpu_second = 8.103408e+06
particle-updates/cpu_second = 0.000000e+00
