
Root grid = 2 x 2 x 2 MeshBlocks
Total number of MeshBlocks = 8
Number of logical  levels of refinement = 1 (2 levels total)
Number of physical levels of refinement = 0 (1 levels total)
Number of parallel ranks = 4
  Rank = 0: 2 MeshBlocks, cost = 2
  Rank = 1: 2 MeshBlocks, cost = 2
  Rank = 2: 2 MeshBlocks, cost = 2
  Rank = 3: 2 MeshBlocks, cost = 2
Load Balancing:
  Maximum normalized cost = 1, Average = 1
AssembleZ4cTasks
AssembleZ4cTasks
AssembleZ4cTasks
AssembleZ4cTasks

Setup complete, executing task list(s)...

elapsed=9.164753e-01 cycle=0 time=0.000000e+00 dt=6.925676e-02
elapsed=4.262277e+01 cycle=100 time=6.925676e+00 dt=6.925676e-02
elapsed=8.462875e+01 cycle=200 time=1.385135e+01 dt=6.925676e-02
elapsed=1.263784e+02 cycle=300 time=2.077703e+01 dt=6.925676e-02
elapsed=1.681306e+02 cycle=400 time=2.770270e+01 dt=6.925676e-02
elapsed=2.101211e+02 cycle=500 time=3.462838e+01 dt=6.925676e-02
elapsed=2.517539e+02 cycle=600 time=4.155405e+01 dt=6.925676e-02
elapsed=2.938182e+02 cycle=700 time=4.847973e+01 dt=6.925676e-02
elapsed=3.357689e+02 cycle=800 time=5.540541e+01 dt=6.925676e-02

Terminating on time limit
time=6.000000e+01 cycle=867
tlim=6.000000e+01 nlim=-1

MeshBlock-cycles = 6936
cpu time used  = 3.627713e+02
zone-cycles/cpu_second = 6.198139e+07
particle-updates/cpu_second = 0.000000e+00
